2022-05-11 09:50:47,535 DEBUG org.springframework.boot.availability.ApplicationAvailabilityBean [main] Application availability state LivenessState changed to CORRECT
2022-05-11 09:50:47,538 DEBUG org.springframework.boot.availability.ApplicationAvailabilityBean [main] Application availability state ReadinessState changed to ACCEPTING_TRAFFIC
2022-05-11 09:50:50,324 INFO org.apache.juli.logging.DirectJDKLog [http-nio-8081-exec-2] Initializing Spring DispatcherServlet 'dispatcherServlet'
2022-05-11 09:50:50,325 INFO org.springframework.web.servlet.FrameworkServlet [http-nio-8081-exec-2] Initializing Servlet 'dispatcherServlet'
2022-05-11 09:50:50,325 DEBUG org.springframework.web.servlet.DispatcherServlet [http-nio-8081-exec-2] Detected StandardServletMultipartResolver
2022-05-11 09:50:50,326 DEBUG org.springframework.web.servlet.DispatcherServlet [http-nio-8081-exec-2] Detected AcceptHeaderLocaleResolver
2022-05-11 09:50:50,330 DEBUG org.springframework.web.servlet.DispatcherServlet [http-nio-8081-exec-2] Detected FixedThemeResolver
2022-05-11 09:50:50,333 DEBUG org.springframework.web.servlet.DispatcherServlet [http-nio-8081-exec-2] Detected org.springframework.web.servlet.view.DefaultRequestToViewNameTranslator@5702232d
2022-05-11 09:50:50,334 DEBUG org.springframework.web.servlet.DispatcherServlet [http-nio-8081-exec-2] Detected org.springframework.web.servlet.support.SessionFlashMapManager@3509f32d
2022-05-11 09:50:50,335 DEBUG org.springframework.web.servlet.FrameworkServlet [http-nio-8081-exec-2] enableLoggingRequestDetails='false': request parameters and headers will be masked to prevent unsafe logging of potentially sensitive data
2022-05-11 09:50:50,335 INFO org.springframework.web.servlet.FrameworkServlet [http-nio-8081-exec-2] Completed initialization in 10 ms
2022-05-11 09:50:50,422 DEBUG org.springframework.web.servlet.handler.AbstractHandlerMapping [http-nio-8081-exec-2] Mapped to com.matc.MATC.AccessMent.Java.controller.AuthController#registerUser(SignupRequest)
2022-05-11 09:50:50,442 DEBUG org.springframework.core.log.LogFormatUtils [http-nio-8081-exec-2] POST "/api/auth/signup", parameters={}
2022-05-11 09:50:50,450 DEBUG org.springframework.web.servlet.handler.AbstractHandlerMapping [http-nio-8081-exec-2] Mapped to com.matc.MATC.AccessMent.Java.controller.AuthController#registerUser(SignupRequest)
2022-05-11 09:50:50,700 DEBUG org.springframework.core.log.LogFormatUtils [http-nio-8081-exec-2] Read "application/json;charset=UTF-8" to [SignupRequest(username=string, email=siva@gmail.com, role=[mod, user], password=siva@1234)]
2022-05-11 09:50:53,999 DEBUG org.hibernate.engine.jdbc.spi.SqlStatementLogger [http-nio-8081-exec-2] select user0_.id as col_0_0_ from users user0_ where user0_.username=? limit ?
2022-05-11 09:50:55,729 DEBUG org.hibernate.engine.jdbc.spi.SqlStatementLogger [http-nio-8081-exec-2] select user0_.id as col_0_0_ from users user0_ where user0_.email=? limit ?
2022-05-11 09:51:09,422 DEBUG org.hibernate.engine.jdbc.spi.SqlStatementLogger [http-nio-8081-exec-2] select role0_.id as id1_3_, role0_.name as name2_3_ from roles role0_ where role0_.name=?
2022-05-11 09:51:09,498 DEBUG org.hibernate.engine.jdbc.spi.SqlStatementLogger [http-nio-8081-exec-2] select role0_.id as id1_3_, role0_.name as name2_3_ from roles role0_ where role0_.name=?
2022-05-11 09:51:11,649 DEBUG org.hibernate.engine.jdbc.spi.SqlStatementLogger [http-nio-8081-exec-2] insert into users (email, password, username) values (?, ?, ?)
2022-05-11 09:51:11,757 DEBUG org.hibernate.engine.jdbc.spi.SqlStatementLogger [http-nio-8081-exec-2] insert into user_roles (user_id, role_id) values (?, ?)
2022-05-11 09:51:11,826 WARN org.hibernate.engine.jdbc.spi.SqlExceptionHelper [http-nio-8081-exec-2] SQL Error: 1452, SQLState: 23000
2022-05-11 09:51:11,828 ERROR org.hibernate.engine.jdbc.spi.SqlExceptionHelper [http-nio-8081-exec-2] Cannot add or update a child row: a foreign key constraint fails (`MATC_AssessMent`.`user_roles`, CONSTRAINT `FK55itppkw3i07do3h7qoclqd4k` FOREIGN KEY (`user_id`) REFERENCES `user` (`id`))
2022-05-11 09:51:11,833 INFO org.hibernate.engine.jdbc.batch.internal.AbstractBatchImpl [http-nio-8081-exec-2] HHH000010: On release of batch it still contained JDBC statements
2022-05-11 09:51:28,633 DEBUG org.springframework.web.servlet.FrameworkServlet [http-nio-8081-exec-2] Failed to complete request: org.springframework.dao.DataIntegrityViolationException: could not execute statement; SQL [n/a]; constraint [null]; nested exception is org.hibernate.exception.ConstraintViolationException: could not execute statement
2022-05-11 09:51:28,649 INFO io.jaegertracing.internal.reporters.LoggingReporter [http-nio-8081-exec-2] Span reported: 2dc5ed5b6f4335bc:2dc5ed5b6f4335bc:0:1 - registerUser
2022-05-11 09:51:28,653 ERROR org.apache.juli.logging.DirectJDKLog [http-nio-8081-exec-2] Servlet.service() for servlet [dispatcherServlet] in context with path [] threw exception [Request processing failed; nested exception is org.springframework.dao.DataIntegrityViolationException: could not execute statement; SQL [n/a]; constraint [null]; nested exception is org.hibernate.exception.ConstraintViolationException: could not execute statement] with root cause
java.sql.SQLIntegrityConstraintViolationException: Cannot add or update a child row: a foreign key constraint fails (`MATC_AssessMent`.`user_roles`, CONSTRAINT `FK55itppkw3i07do3h7qoclqd4k` FOREIGN KEY (`user_id`) REFERENCES `user` (`id`))
	at com.mysql.cj.jdbc.exceptions.SQLError.createSQLException(SQLError.java:117)
	at com.mysql.cj.jdbc.exceptions.SQLExceptionsMapping.translateException(SQLExceptionsMapping.java:122)
	at com.mysql.cj.jdbc.ClientPreparedStatement.executeInternal(ClientPreparedStatement.java:953)
	at com.mysql.cj.jdbc.ClientPreparedStatement.executeUpdateInternal(ClientPreparedStatement.java:1098)
	at com.mysql.cj.jdbc.ClientPreparedStatement.executeUpdateInternal(ClientPreparedStatement.java:1046)
	at com.mysql.cj.jdbc.ClientPreparedStatement.executeLargeUpdate(ClientPreparedStatement.java:1371)
	at com.mysql.cj.jdbc.ClientPreparedStatement.executeUpdate(ClientPreparedStatement.java:1031)
	at com.zaxxer.hikari.pool.ProxyPreparedStatement.executeUpdate(ProxyPreparedStatement.java:61)
	at com.zaxxer.hikari.pool.HikariProxyPreparedStatement.executeUpdate(HikariProxyPreparedStatement.java)
	at org.hibernate.engine.jdbc.internal.ResultSetReturnImpl.executeUpdate(ResultSetReturnImpl.java:197)
	at org.hibernate.engine.jdbc.batch.internal.NonBatchingBatch.addToBatch(NonBatchingBatch.java:46)
	at org.hibernate.persister.collection.AbstractCollectionPersister.recreate(AbstractCollectionPersister.java:1352)
	at org.hibernate.action.internal.CollectionRecreateAction.execute(CollectionRecreateAction.java:50)
	at org.hibernate.engine.spi.ActionQueue.executeActions(ActionQueue.java:604)
	at org.hibernate.engine.spi.ActionQueue.lambda$executeActions$1(ActionQueue.java:478)
	at java.base/java.util.LinkedHashMap.forEach(LinkedHashMap.java:721)
	at org.hibernate.engine.spi.ActionQueue.executeActions(ActionQueue.java:475)
	at org.hibernate.event.internal.AbstractFlushingEventListener.performExecutions(AbstractFlushingEventListener.java:344)
	at org.hibernate.event.internal.DefaultFlushEventListener.onFlush(DefaultFlushEventListener.java:40)
	at org.hibernate.event.service.internal.EventListenerGroupImpl.fireEventOnEachListener(EventListenerGroupImpl.java:107)
	at org.hibernate.internal.SessionImpl.doFlush(SessionImpl.java:1407)
	at org.hibernate.internal.SessionImpl.managedFlush(SessionImpl.java:489)
	at org.hibernate.internal.SessionImpl.flushBeforeTransactionCompletion(SessionImpl.java:3290)
	at org.hibernate.internal.SessionImpl.beforeTransactionCompletion(SessionImpl.java:2425)
	at org.hibernate.engine.jdbc.internal.JdbcCoordinatorImpl.beforeTransactionCompletion(JdbcCoordinatorImpl.java:449)
	at org.hibernate.resource.transaction.backend.jdbc.internal.JdbcResourceLocalTransactionCoordinatorImpl.beforeCompletionCallback(JdbcResourceLocalTransactionCoordinatorImpl.java:183)
	at org.hibernate.resource.transaction.backend.jdbc.internal.JdbcResourceLocalTransactionCoordinatorImpl.access$300(JdbcResourceLocalTransactionCoordinatorImpl.java:40)
	at org.hibernate.resource.transaction.backend.jdbc.internal.JdbcResourceLocalTransactionCoordinatorImpl$TransactionDriverControlImpl.commit(JdbcResourceLocalTransactionCoordinatorImpl.java:281)
	at org.hibernate.engine.transaction.internal.TransactionImpl.commit(TransactionImpl.java:101)
	at org.springframework.orm.jpa.JpaTransactionManager.doCommit(JpaTransactionManager.java:562)
	at org.springframework.transaction.support.AbstractPlatformTransactionManager.processCommit(AbstractPlatformTransactionManager.java:743)
	at org.springframework.transaction.support.AbstractPlatformTransactionManager.commit(AbstractPlatformTransactionManager.java:711)
	at org.springframework.transaction.interceptor.TransactionAspectSupport.commitTransactionAfterReturning(TransactionAspectSupport.java:654)
	at org.springframework.transaction.interceptor.TransactionAspectSupport.invokeWithinTransaction(TransactionAspectSupport.java:407)
	at org.springframework.transaction.interceptor.TransactionInterceptor.invoke(TransactionInterceptor.java:119)
	at org.springframework.aop.framework.ReflectiveMethodInvocation.proceed(ReflectiveMethodInvocation.java:186)
	at org.springframework.dao.support.PersistenceExceptionTranslationInterceptor.invoke(PersistenceExceptionTranslationInterceptor.java:137)
	at org.springframework.aop.framework.ReflectiveMethodInvocation.proceed(ReflectiveMethodInvocation.java:186)
	at org.springframework.data.jpa.repository.support.CrudMethodMetadataPostProcessor$CrudMethodMetadataPopulatingMethodInterceptor.invoke(CrudMethodMetadataPostProcessor.java:174)
	at org.springframework.aop.framework.ReflectiveMethodInvocation.proceed(ReflectiveMethodInvocation.java:186)
	at org.springframework.aop.interceptor.ExposeInvocationInterceptor.invoke(ExposeInvocationInterceptor.java:97)
	at org.springframework.aop.framework.ReflectiveMethodInvocation.proceed(ReflectiveMethodInvocation.java:186)
	at org.springframework.aop.framework.JdkDynamicAopProxy.invoke(JdkDynamicAopProxy.java:215)
	at jdk.proxy2/jdk.proxy2.$Proxy143.save(Unknown Source)
	at com.matc.MATC.AccessMent.Java.controller.AuthController.registerUser(AuthController.java:103)
	at java.base/jdk.internal.reflect.NativeMethodAccessorImpl.invoke0(Native Method)
	at java.base/jdk.internal.reflect.NativeMethodAccessorImpl.invoke(NativeMethodAccessorImpl.java:77)
	at java.base/jdk.internal.reflect.DelegatingMethodAccessorImpl.invoke(DelegatingMethodAccessorImpl.java:43)
	at java.base/java.lang.reflect.Method.invoke(Method.java:568)
	at org.springframework.web.method.support.InvocableHandlerMethod.doInvoke(InvocableHandlerMethod.java:205)
	at org.springframework.web.method.support.InvocableHandlerMethod.invokeForRequest(InvocableHandlerMethod.java:150)
	at org.springframework.web.servlet.mvc.method.annotation.ServletInvocableHandlerMethod.invokeAndHandle(ServletInvocableHandlerMethod.java:117)
	at org.springframework.web.servlet.mvc.method.annotation.RequestMappingHandlerAdapter.invokeHandlerMethod(RequestMappingHandlerAdapter.java:895)
	at org.springframework.web.servlet.mvc.method.annotation.RequestMappingHandlerAdapter.handleInternal(RequestMappingHandlerAdapter.java:808)
	at org.springframework.web.servlet.mvc.method.AbstractHandlerMethodAdapter.handle(AbstractHandlerMethodAdapter.java:87)
	at org.springframework.web.servlet.DispatcherServlet.doDispatch(DispatcherServlet.java:1067)
	at org.springframework.web.servlet.DispatcherServlet.doService(DispatcherServlet.java:963)
	at org.springframework.web.servlet.FrameworkServlet.processRequest(FrameworkServlet.java:1006)
	at org.springframework.web.servlet.FrameworkServlet.doPost(FrameworkServlet.java:909)
	at javax.servlet.http.HttpServlet.service(HttpServlet.java:681)
	at org.springframework.web.servlet.FrameworkServlet.service(FrameworkServlet.java:883)
	at javax.servlet.http.HttpServlet.service(HttpServlet.java:764)
	at org.apache.catalina.core.ApplicationFilterChain.internalDoFilter(ApplicationFilterChain.java:227)
	at org.apache.catalina.core.ApplicationFilterChain.doFilter(ApplicationFilterChain.java:162)
	at org.apache.tomcat.websocket.server.WsFilter.doFilter(WsFilter.java:53)
	at org.apache.catalina.core.ApplicationFilterChain.internalDoFilter(ApplicationFilterChain.java:189)
	at org.apache.catalina.core.ApplicationFilterChain.doFilter(ApplicationFilterChain.java:162)
	at org.springframework.web.filter.OncePerRequestFilter.doFilter(OncePerRequestFilter.java:111)
	at org.apache.catalina.core.ApplicationFilterChain.internalDoFilter(ApplicationFilterChain.java:189)
	at org.apache.catalina.core.ApplicationFilterChain.doFilter(ApplicationFilterChain.java:162)
	at org.springframework.security.web.FilterChainProxy$VirtualFilterChain.doFilter(FilterChainProxy.java:327)
	at org.springframework.security.web.access.intercept.FilterSecurityInterceptor.invoke(FilterSecurityInterceptor.java:115)
	at org.springframework.security.web.access.intercept.FilterSecurityInterceptor.doFilter(FilterSecurityInterceptor.java:81)
	at org.springframework.security.web.FilterChainProxy$VirtualFilterChain.doFilter(FilterChainProxy.java:336)
	at org.springframework.security.web.access.ExceptionTranslationFilter.doFilter(ExceptionTranslationFilter.java:122)
	at org.springframework.security.web.access.ExceptionTranslationFilter.doFilter(ExceptionTranslationFilter.java:116)
	at org.springframework.security.web.FilterChainProxy$VirtualFilterChain.doFilter(FilterChainProxy.java:336)
	at org.springframework.security.web.session.SessionManagementFilter.doFilter(SessionManagementFilter.java:126)
	at org.springframework.security.web.session.SessionManagementFilter.doFilter(SessionManagementFilter.java:81)
	at org.springframework.security.web.FilterChainProxy$VirtualFilterChain.doFilter(FilterChainProxy.java:336)
	at org.springframework.security.web.authentication.AnonymousAuthenticationFilter.doFilter(AnonymousAuthenticationFilter.java:109)
	at org.springframework.security.web.FilterChainProxy$VirtualFilterChain.doFilter(FilterChainProxy.java:336)
	at org.springframework.security.web.servletapi.SecurityContextHolderAwareRequestFilter.doFilter(SecurityContextHolderAwareRequestFilter.java:149)
	at org.springframework.security.web.FilterChainProxy$VirtualFilterChain.doFilter(FilterChainProxy.java:336)
	at org.springframework.security.web.savedrequest.RequestCacheAwareFilter.doFilter(RequestCacheAwareFilter.java:63)
	at org.springframework.security.web.FilterChainProxy$VirtualFilterChain.doFilter(FilterChainProxy.java:336)
	at com.matc.MATC.AccessMent.Java.securtyConfigEmployee.AuthTokenFilter.doFilterInternal(AuthTokenFilter.java:42)
	at org.springframework.web.filter.OncePerRequestFilter.doFilter(OncePerRequestFilter.java:117)
	at org.springframework.security.web.FilterChainProxy$VirtualFilterChain.doFilter(FilterChainProxy.java:336)
	at org.springframework.security.web.authentication.logout.LogoutFilter.doFilter(LogoutFilter.java:103)
	at org.springframework.security.web.authentication.logout.LogoutFilter.doFilter(LogoutFilter.java:89)
	at org.springframework.security.web.FilterChainProxy$VirtualFilterChain.doFilter(FilterChainProxy.java:336)
	at org.springframework.web.filter.CorsFilter.doFilterInternal(CorsFilter.java:91)
	at org.springframework.web.filter.OncePerRequestFilter.doFilter(OncePerRequestFilter.java:117)
	at org.springframework.security.web.FilterChainProxy$VirtualFilterChain.doFilter(FilterChainProxy.java:336)
	at org.springframework.security.web.header.HeaderWriterFilter.doHeadersAfter(HeaderWriterFilter.java:90)
	at org.springframework.security.web.header.HeaderWriterFilter.doFilterInternal(HeaderWriterFilter.java:75)
	at org.springframework.web.filter.OncePerRequestFilter.doFilter(OncePerRequestFilter.java:117)
	at org.springframework.security.web.FilterChainProxy$VirtualFilterChain.doFilter(FilterChainProxy.java:336)
	at org.springframework.security.web.context.SecurityContextPersistenceFilter.doFilter(SecurityContextPersistenceFilter.java:110)
	at org.springframework.security.web.context.SecurityContextPersistenceFilter.doFilter(SecurityContextPersistenceFilter.java:80)
	at org.springframework.security.web.FilterChainProxy$VirtualFilterChain.doFilter(FilterChainProxy.java:336)
	at org.springframework.security.web.context.request.async.WebAsyncManagerIntegrationFilter.doFilterInternal(WebAsyncManagerIntegrationFilter.java:55)
	at org.springframework.web.filter.OncePerRequestFilter.doFilter(OncePerRequestFilter.java:117)
	at org.springframework.security.web.FilterChainProxy$VirtualFilterChain.doFilter(FilterChainProxy.java:336)
	at org.springframework.security.web.FilterChainProxy.doFilterInternal(FilterChainProxy.java:211)
	at org.springframework.security.web.FilterChainProxy.doFilter(FilterChainProxy.java:183)
	at org.springframework.web.filter.DelegatingFilterProxy.invokeDelegate(DelegatingFilterProxy.java:354)
	at org.springframework.web.filter.DelegatingFilterProxy.doFilter(DelegatingFilterProxy.java:267)
	at org.apache.catalina.core.ApplicationFilterChain.internalDoFilter(ApplicationFilterChain.java:189)
	at org.apache.catalina.core.ApplicationFilterChain.doFilter(ApplicationFilterChain.java:162)
	at org.springframework.web.filter.RequestContextFilter.doFilterInternal(RequestContextFilter.java:100)
	at org.springframework.web.filter.OncePerRequestFilter.doFilter(OncePerRequestFilter.java:117)
	at org.apache.catalina.core.ApplicationFilterChain.internalDoFilter(ApplicationFilterChain.java:189)
	at org.apache.catalina.core.ApplicationFilterChain.doFilter(ApplicationFilterChain.java:162)
	at org.springframework.web.filter.FormContentFilter.doFilterInternal(FormContentFilter.java:93)
	at org.springframework.web.filter.OncePerRequestFilter.doFilter(OncePerRequestFilter.java:117)
	at org.apache.catalina.core.ApplicationFilterChain.internalDoFilter(ApplicationFilterChain.java:189)
	at org.apache.catalina.core.ApplicationFilterChain.doFilter(ApplicationFilterChain.java:162)
	at org.springframework.web.filter.CharacterEncodingFilter.doFilterInternal(CharacterEncodingFilter.java:201)
	at org.springframework.web.filter.OncePerRequestFilter.doFilter(OncePerRequestFilter.java:117)
	at org.apache.catalina.core.ApplicationFilterChain.internalDoFilter(ApplicationFilterChain.java:189)
	at org.apache.catalina.core.ApplicationFilterChain.doFilter(ApplicationFilterChain.java:162)
	at io.opentracing.contrib.web.servlet.filter.TracingFilter.doFilter(TracingFilter.java:189)
	at org.apache.catalina.core.ApplicationFilterChain.internalDoFilter(ApplicationFilterChain.java:189)
	at org.apache.catalina.core.ApplicationFilterChain.doFilter(ApplicationFilterChain.java:162)
	at org.apache.catalina.core.StandardWrapperValve.invoke(StandardWrapperValve.java:197)
	at org.apache.catalina.core.StandardContextValve.invoke(StandardContextValve.java:97)
	at org.apache.catalina.authenticator.AuthenticatorBase.invoke(AuthenticatorBase.java:541)
	at org.apache.catalina.core.StandardHostValve.invoke(StandardHostValve.java:135)
	at org.apache.catalina.valves.ErrorReportValve.invoke(ErrorReportValve.java:92)
	at org.apache.catalina.core.StandardEngineValve.invoke(StandardEngineValve.java:78)
	at org.apache.catalina.connector.CoyoteAdapter.service(CoyoteAdapter.java:360)
	at org.apache.coyote.http11.Http11Processor.service(Http11Processor.java:399)
	at org.apache.coyote.AbstractProcessorLight.process(AbstractProcessorLight.java:65)
	at org.apache.coyote.AbstractProtocol$ConnectionHandler.process(AbstractProtocol.java:890)
	at org.apache.tomcat.util.net.NioEndpoint$SocketProcessor.doRun(NioEndpoint.java:1743)
	at org.apache.tomcat.util.net.SocketProcessorBase.run(SocketProcessorBase.java:49)
	at org.apache.tomcat.util.threads.ThreadPoolExecutor.runWorker(ThreadPoolExecutor.java:1191)
	at org.apache.tomcat.util.threads.ThreadPoolExecutor$Worker.run(ThreadPoolExecutor.java:659)
	at org.apache.tomcat.util.threads.TaskThread$WrappingRunnable.run(TaskThread.java:61)
	at java.base/java.lang.Thread.run(Thread.java:833)
2022-05-11 09:51:28,658 DEBUG org.springframework.core.log.LogFormatUtils [http-nio-8081-exec-2] "ERROR" dispatch for POST "/error", parameters={}
2022-05-11 09:51:28,663 DEBUG org.springframework.web.servlet.handler.AbstractHandlerMapping [http-nio-8081-exec-2] Mapped to org.springframework.boot.autoconfigure.web.servlet.error.BasicErrorController#error(HttpServletRequest)
2022-05-11 09:51:28,681 DEBUG org.springframework.web.servlet.mvc.method.annotation.AbstractMessageConverterMethodProcessor [http-nio-8081-exec-2] Using 'application/json', given [*/*] and supported [application/json, application/*+json, application/json, application/*+json]
2022-05-11 09:51:28,683 DEBUG org.springframework.core.log.LogFormatUtils [http-nio-8081-exec-2] Writing [{timestamp=Wed May 11 09:51:28 IST 2022, status=500, error=Internal Server Error, path=/api/auth/sig (truncated)...]
2022-05-11 09:51:28,712 INFO io.jaegertracing.internal.reporters.LoggingReporter [http-nio-8081-exec-2] Span reported: 2dc5ed5b6f4335bc:30614bede348c001:2dc5ed5b6f4335bc:1 - error
2022-05-11 09:51:28,713 DEBUG org.springframework.web.servlet.FrameworkServlet [http-nio-8081-exec-2] Exiting from "ERROR" dispatch, status 500
2022-05-11 09:56:58,455 DEBUG org.springframework.web.servlet.handler.AbstractHandlerMapping [http-nio-8081-exec-4] Mapped to com.matc.MATC.AccessMent.Java.controller.AuthController#registerUser(SignupRequest)
2022-05-11 09:56:58,456 DEBUG org.springframework.core.log.LogFormatUtils [http-nio-8081-exec-4] POST "/api/auth/signup", parameters={}
2022-05-11 09:56:58,457 DEBUG org.springframework.web.servlet.handler.AbstractHandlerMapping [http-nio-8081-exec-4] Mapped to com.matc.MATC.AccessMent.Java.controller.AuthController#registerUser(SignupRequest)
2022-05-11 09:56:58,459 DEBUG org.springframework.core.log.LogFormatUtils [http-nio-8081-exec-4] Read "application/json;charset=UTF-8" to [SignupRequest(username=string, email=siva@gmail.com, role=[mod, user], password=siva@1234)]
2022-05-11 09:57:00,750 DEBUG org.hibernate.engine.jdbc.spi.SqlStatementLogger [http-nio-8081-exec-4] select user0_.id as col_0_0_ from users user0_ where user0_.username=? limit ?
2022-05-11 09:57:01,535 DEBUG org.hibernate.engine.jdbc.spi.SqlStatementLogger [http-nio-8081-exec-4] select user0_.id as col_0_0_ from users user0_ where user0_.email=? limit ?
2022-05-11 09:57:14,079 DEBUG org.hibernate.engine.jdbc.spi.SqlStatementLogger [http-nio-8081-exec-4] select role0_.id as id1_3_, role0_.name as name2_3_ from roles role0_ where role0_.name=?
2022-05-11 09:57:14,110 DEBUG org.hibernate.engine.jdbc.spi.SqlStatementLogger [http-nio-8081-exec-4] select role0_.id as id1_3_, role0_.name as name2_3_ from roles role0_ where role0_.name=?
2022-05-11 09:57:34,496 DEBUG org.hibernate.engine.jdbc.spi.SqlStatementLogger [http-nio-8081-exec-4] insert into users (email, password, username) values (?, ?, ?)
2022-05-11 09:57:34,518 DEBUG org.hibernate.engine.jdbc.spi.SqlStatementLogger [http-nio-8081-exec-4] insert into user_roles (user_id, role_id) values (?, ?)
2022-05-11 09:57:34,533 WARN org.hibernate.engine.jdbc.spi.SqlExceptionHelper [http-nio-8081-exec-4] SQL Error: 1452, SQLState: 23000
2022-05-11 09:57:34,537 ERROR org.hibernate.engine.jdbc.spi.SqlExceptionHelper [http-nio-8081-exec-4] Cannot add or update a child row: a foreign key constraint fails (`MATC_AssessMent`.`user_roles`, CONSTRAINT `FK55itppkw3i07do3h7qoclqd4k` FOREIGN KEY (`user_id`) REFERENCES `user` (`id`))
2022-05-11 09:57:34,539 INFO org.hibernate.engine.jdbc.batch.internal.AbstractBatchImpl [http-nio-8081-exec-4] HHH000010: On release of batch it still contained JDBC statements
2022-05-11 09:57:40,562 DEBUG org.springframework.web.servlet.FrameworkServlet [http-nio-8081-exec-4] Failed to complete request: org.springframework.dao.DataIntegrityViolationException: could not execute statement; SQL [n/a]; constraint [null]; nested exception is org.hibernate.exception.ConstraintViolationException: could not execute statement
2022-05-11 09:57:40,565 INFO io.jaegertracing.internal.reporters.LoggingReporter [http-nio-8081-exec-4] Span reported: dbfe7cabcea12be6:dbfe7cabcea12be6:0:1 - registerUser
2022-05-11 09:57:40,567 ERROR org.apache.juli.logging.DirectJDKLog [http-nio-8081-exec-4] Servlet.service() for servlet [dispatcherServlet] in context with path [] threw exception [Request processing failed; nested exception is org.springframework.dao.DataIntegrityViolationException: could not execute statement; SQL [n/a]; constraint [null]; nested exception is org.hibernate.exception.ConstraintViolationException: could not execute statement] with root cause
java.sql.SQLIntegrityConstraintViolationException: Cannot add or update a child row: a foreign key constraint fails (`MATC_AssessMent`.`user_roles`, CONSTRAINT `FK55itppkw3i07do3h7qoclqd4k` FOREIGN KEY (`user_id`) REFERENCES `user` (`id`))
	at com.mysql.cj.jdbc.exceptions.SQLError.createSQLException(SQLError.java:117)
	at com.mysql.cj.jdbc.exceptions.SQLExceptionsMapping.translateException(SQLExceptionsMapping.java:122)
	at com.mysql.cj.jdbc.ClientPreparedStatement.executeInternal(ClientPreparedStatement.java:953)
	at com.mysql.cj.jdbc.ClientPreparedStatement.executeUpdateInternal(ClientPreparedStatement.java:1098)
	at com.mysql.cj.jdbc.ClientPreparedStatement.executeUpdateInternal(ClientPreparedStatement.java:1046)
	at com.mysql.cj.jdbc.ClientPreparedStatement.executeLargeUpdate(ClientPreparedStatement.java:1371)
	at com.mysql.cj.jdbc.ClientPreparedStatement.executeUpdate(ClientPreparedStatement.java:1031)
	at com.zaxxer.hikari.pool.ProxyPreparedStatement.executeUpdate(ProxyPreparedStatement.java:61)
	at com.zaxxer.hikari.pool.HikariProxyPreparedStatement.executeUpdate(HikariProxyPreparedStatement.java)
	at org.hibernate.engine.jdbc.internal.ResultSetReturnImpl.executeUpdate(ResultSetReturnImpl.java:197)
	at org.hibernate.engine.jdbc.batch.internal.NonBatchingBatch.addToBatch(NonBatchingBatch.java:46)
	at org.hibernate.persister.collection.AbstractCollectionPersister.recreate(AbstractCollectionPersister.java:1352)
	at org.hibernate.action.internal.CollectionRecreateAction.execute(CollectionRecreateAction.java:50)
	at org.hibernate.engine.spi.ActionQueue.executeActions(ActionQueue.java:604)
	at org.hibernate.engine.spi.ActionQueue.lambda$executeActions$1(ActionQueue.java:478)
	at java.base/java.util.LinkedHashMap.forEach(LinkedHashMap.java:721)
	at org.hibernate.engine.spi.ActionQueue.executeActions(ActionQueue.java:475)
	at org.hibernate.event.internal.AbstractFlushingEventListener.performExecutions(AbstractFlushingEventListener.java:344)
	at org.hibernate.event.internal.DefaultFlushEventListener.onFlush(DefaultFlushEventListener.java:40)
	at org.hibernate.event.service.internal.EventListenerGroupImpl.fireEventOnEachListener(EventListenerGroupImpl.java:107)
	at org.hibernate.internal.SessionImpl.doFlush(SessionImpl.java:1407)
	at org.hibernate.internal.SessionImpl.managedFlush(SessionImpl.java:489)
	at org.hibernate.internal.SessionImpl.flushBeforeTransactionCompletion(SessionImpl.java:3290)
	at org.hibernate.internal.SessionImpl.beforeTransactionCompletion(SessionImpl.java:2425)
	at org.hibernate.engine.jdbc.internal.JdbcCoordinatorImpl.beforeTransactionCompletion(JdbcCoordinatorImpl.java:449)
	at org.hibernate.resource.transaction.backend.jdbc.internal.JdbcResourceLocalTransactionCoordinatorImpl.beforeCompletionCallback(JdbcResourceLocalTransactionCoordinatorImpl.java:183)
	at org.hibernate.resource.transaction.backend.jdbc.internal.JdbcResourceLocalTransactionCoordinatorImpl.access$300(JdbcResourceLocalTransactionCoordinatorImpl.java:40)
	at org.hibernate.resource.transaction.backend.jdbc.internal.JdbcResourceLocalTransactionCoordinatorImpl$TransactionDriverControlImpl.commit(JdbcResourceLocalTransactionCoordinatorImpl.java:281)
	at org.hibernate.engine.transaction.internal.TransactionImpl.commit(TransactionImpl.java:101)
	at org.springframework.orm.jpa.JpaTransactionManager.doCommit(JpaTransactionManager.java:562)
	at org.springframework.transaction.support.AbstractPlatformTransactionManager.processCommit(AbstractPlatformTransactionManager.java:743)
	at org.springframework.transaction.support.AbstractPlatformTransactionManager.commit(AbstractPlatformTransactionManager.java:711)
	at org.springframework.transaction.interceptor.TransactionAspectSupport.commitTransactionAfterReturning(TransactionAspectSupport.java:654)
	at org.springframework.transaction.interceptor.TransactionAspectSupport.invokeWithinTransaction(TransactionAspectSupport.java:407)
	at org.springframework.transaction.interceptor.TransactionInterceptor.invoke(TransactionInterceptor.java:119)
	at org.springframework.aop.framework.ReflectiveMethodInvocation.proceed(ReflectiveMethodInvocation.java:186)
	at org.springframework.dao.support.PersistenceExceptionTranslationInterceptor.invoke(PersistenceExceptionTranslationInterceptor.java:137)
	at org.springframework.aop.framework.ReflectiveMethodInvocation.proceed(ReflectiveMethodInvocation.java:186)
	at org.springframework.data.jpa.repository.support.CrudMethodMetadataPostProcessor$CrudMethodMetadataPopulatingMethodInterceptor.invoke(CrudMethodMetadataPostProcessor.java:174)
	at org.springframework.aop.framework.ReflectiveMethodInvocation.proceed(ReflectiveMethodInvocation.java:186)
	at org.springframework.aop.interceptor.ExposeInvocationInterceptor.invoke(ExposeInvocationInterceptor.java:97)
	at org.springframework.aop.framework.ReflectiveMethodInvocation.proceed(ReflectiveMethodInvocation.java:186)
	at org.springframework.aop.framework.JdkDynamicAopProxy.invoke(JdkDynamicAopProxy.java:215)
	at jdk.proxy2/jdk.proxy2.$Proxy143.save(Unknown Source)
	at com.matc.MATC.AccessMent.Java.controller.AuthController.registerUser(AuthController.java:103)
	at java.base/jdk.internal.reflect.NativeMethodAccessorImpl.invoke0(Native Method)
	at java.base/jdk.internal.reflect.NativeMethodAccessorImpl.invoke(NativeMethodAccessorImpl.java:77)
	at java.base/jdk.internal.reflect.DelegatingMethodAccessorImpl.invoke(DelegatingMethodAccessorImpl.java:43)
	at java.base/java.lang.reflect.Method.invoke(Method.java:568)
	at org.springframework.web.method.support.InvocableHandlerMethod.doInvoke(InvocableHandlerMethod.java:205)
	at org.springframework.web.method.support.InvocableHandlerMethod.invokeForRequest(InvocableHandlerMethod.java:150)
	at org.springframework.web.servlet.mvc.method.annotation.ServletInvocableHandlerMethod.invokeAndHandle(ServletInvocableHandlerMethod.java:117)
	at org.springframework.web.servlet.mvc.method.annotation.RequestMappingHandlerAdapter.invokeHandlerMethod(RequestMappingHandlerAdapter.java:895)
	at org.springframework.web.servlet.mvc.method.annotation.RequestMappingHandlerAdapter.handleInternal(RequestMappingHandlerAdapter.java:808)
	at org.springframework.web.servlet.mvc.method.AbstractHandlerMethodAdapter.handle(AbstractHandlerMethodAdapter.java:87)
	at org.springframework.web.servlet.DispatcherServlet.doDispatch(DispatcherServlet.java:1067)
	at org.springframework.web.servlet.DispatcherServlet.doService(DispatcherServlet.java:963)
	at org.springframework.web.servlet.FrameworkServlet.processRequest(FrameworkServlet.java:1006)
	at org.springframework.web.servlet.FrameworkServlet.doPost(FrameworkServlet.java:909)
	at javax.servlet.http.HttpServlet.service(HttpServlet.java:681)
	at org.springframework.web.servlet.FrameworkServlet.service(FrameworkServlet.java:883)
	at javax.servlet.http.HttpServlet.service(HttpServlet.java:764)
	at org.apache.catalina.core.ApplicationFilterChain.internalDoFilter(ApplicationFilterChain.java:227)
	at org.apache.catalina.core.ApplicationFilterChain.doFilter(ApplicationFilterChain.java:162)
	at org.apache.tomcat.websocket.server.WsFilter.doFilter(WsFilter.java:53)
	at org.apache.catalina.core.ApplicationFilterChain.internalDoFilter(ApplicationFilterChain.java:189)
	at org.apache.catalina.core.ApplicationFilterChain.doFilter(ApplicationFilterChain.java:162)
	at org.springframework.web.filter.OncePerRequestFilter.doFilter(OncePerRequestFilter.java:111)
	at org.apache.catalina.core.ApplicationFilterChain.internalDoFilter(ApplicationFilterChain.java:189)
	at org.apache.catalina.core.ApplicationFilterChain.doFilter(ApplicationFilterChain.java:162)
	at org.springframework.security.web.FilterChainProxy$VirtualFilterChain.doFilter(FilterChainProxy.java:327)
	at org.springframework.security.web.access.intercept.FilterSecurityInterceptor.invoke(FilterSecurityInterceptor.java:115)
	at org.springframework.security.web.access.intercept.FilterSecurityInterceptor.doFilter(FilterSecurityInterceptor.java:81)
	at org.springframework.security.web.FilterChainProxy$VirtualFilterChain.doFilter(FilterChainProxy.java:336)
	at org.springframework.security.web.access.ExceptionTranslationFilter.doFilter(ExceptionTranslationFilter.java:122)
	at org.springframework.security.web.access.ExceptionTranslationFilter.doFilter(ExceptionTranslationFilter.java:116)
	at org.springframework.security.web.FilterChainProxy$VirtualFilterChain.doFilter(FilterChainProxy.java:336)
	at org.springframework.security.web.session.SessionManagementFilter.doFilter(SessionManagementFilter.java:126)
	at org.springframework.security.web.session.SessionManagementFilter.doFilter(SessionManagementFilter.java:81)
	at org.springframework.security.web.FilterChainProxy$VirtualFilterChain.doFilter(FilterChainProxy.java:336)
	at org.springframework.security.web.authentication.AnonymousAuthenticationFilter.doFilter(AnonymousAuthenticationFilter.java:109)
	at org.springframework.security.web.FilterChainProxy$VirtualFilterChain.doFilter(FilterChainProxy.java:336)
	at org.springframework.security.web.servletapi.SecurityContextHolderAwareRequestFilter.doFilter(SecurityContextHolderAwareRequestFilter.java:149)
	at org.springframework.security.web.FilterChainProxy$VirtualFilterChain.doFilter(FilterChainProxy.java:336)
	at org.springframework.security.web.savedrequest.RequestCacheAwareFilter.doFilter(RequestCacheAwareFilter.java:63)
	at org.springframework.security.web.FilterChainProxy$VirtualFilterChain.doFilter(FilterChainProxy.java:336)
	at com.matc.MATC.AccessMent.Java.securtyConfigEmployee.AuthTokenFilter.doFilterInternal(AuthTokenFilter.java:42)
	at org.springframework.web.filter.OncePerRequestFilter.doFilter(OncePerRequestFilter.java:117)
	at org.springframework.security.web.FilterChainProxy$VirtualFilterChain.doFilter(FilterChainProxy.java:336)
	at org.springframework.security.web.authentication.logout.LogoutFilter.doFilter(LogoutFilter.java:103)
	at org.springframework.security.web.authentication.logout.LogoutFilter.doFilter(LogoutFilter.java:89)
	at org.springframework.security.web.FilterChainProxy$VirtualFilterChain.doFilter(FilterChainProxy.java:336)
	at org.springframework.web.filter.CorsFilter.doFilterInternal(CorsFilter.java:91)
	at org.springframework.web.filter.OncePerRequestFilter.doFilter(OncePerRequestFilter.java:117)
	at org.springframework.security.web.FilterChainProxy$VirtualFilterChain.doFilter(FilterChainProxy.java:336)
	at org.springframework.security.web.header.HeaderWriterFilter.doHeadersAfter(HeaderWriterFilter.java:90)
	at org.springframework.security.web.header.HeaderWriterFilter.doFilterInternal(HeaderWriterFilter.java:75)
	at org.springframework.web.filter.OncePerRequestFilter.doFilter(OncePerRequestFilter.java:117)
	at org.springframework.security.web.FilterChainProxy$VirtualFilterChain.doFilter(FilterChainProxy.java:336)
	at org.springframework.security.web.context.SecurityContextPersistenceFilter.doFilter(SecurityContextPersistenceFilter.java:110)
	at org.springframework.security.web.context.SecurityContextPersistenceFilter.doFilter(SecurityContextPersistenceFilter.java:80)
	at org.springframework.security.web.FilterChainProxy$VirtualFilterChain.doFilter(FilterChainProxy.java:336)
	at org.springframework.security.web.context.request.async.WebAsyncManagerIntegrationFilter.doFilterInternal(WebAsyncManagerIntegrationFilter.java:55)
	at org.springframework.web.filter.OncePerRequestFilter.doFilter(OncePerRequestFilter.java:117)
	at org.springframework.security.web.FilterChainProxy$VirtualFilterChain.doFilter(FilterChainProxy.java:336)
	at org.springframework.security.web.FilterChainProxy.doFilterInternal(FilterChainProxy.java:211)
	at org.springframework.security.web.FilterChainProxy.doFilter(FilterChainProxy.java:183)
	at org.springframework.web.filter.DelegatingFilterProxy.invokeDelegate(DelegatingFilterProxy.java:354)
	at org.springframework.web.filter.DelegatingFilterProxy.doFilter(DelegatingFilterProxy.java:267)
	at org.apache.catalina.core.ApplicationFilterChain.internalDoFilter(ApplicationFilterChain.java:189)
	at org.apache.catalina.core.ApplicationFilterChain.doFilter(ApplicationFilterChain.java:162)
	at org.springframework.web.filter.RequestContextFilter.doFilterInternal(RequestContextFilter.java:100)
	at org.springframework.web.filter.OncePerRequestFilter.doFilter(OncePerRequestFilter.java:117)
	at org.apache.catalina.core.ApplicationFilterChain.internalDoFilter(ApplicationFilterChain.java:189)
	at org.apache.catalina.core.ApplicationFilterChain.doFilter(ApplicationFilterChain.java:162)
	at org.springframework.web.filter.FormContentFilter.doFilterInternal(FormContentFilter.java:93)
	at org.springframework.web.filter.OncePerRequestFilter.doFilter(OncePerRequestFilter.java:117)
	at org.apache.catalina.core.ApplicationFilterChain.internalDoFilter(ApplicationFilterChain.java:189)
	at org.apache.catalina.core.ApplicationFilterChain.doFilter(ApplicationFilterChain.java:162)
	at org.springframework.web.filter.CharacterEncodingFilter.doFilterInternal(CharacterEncodingFilter.java:201)
	at org.springframework.web.filter.OncePerRequestFilter.doFilter(OncePerRequestFilter.java:117)
	at org.apache.catalina.core.ApplicationFilterChain.internalDoFilter(ApplicationFilterChain.java:189)
	at org.apache.catalina.core.ApplicationFilterChain.doFilter(ApplicationFilterChain.java:162)
	at io.opentracing.contrib.web.servlet.filter.TracingFilter.doFilter(TracingFilter.java:189)
	at org.apache.catalina.core.ApplicationFilterChain.internalDoFilter(ApplicationFilterChain.java:189)
	at org.apache.catalina.core.ApplicationFilterChain.doFilter(ApplicationFilterChain.java:162)
	at org.apache.catalina.core.StandardWrapperValve.invoke(StandardWrapperValve.java:197)
	at org.apache.catalina.core.StandardContextValve.invoke(StandardContextValve.java:97)
	at org.apache.catalina.authenticator.AuthenticatorBase.invoke(AuthenticatorBase.java:541)
	at org.apache.catalina.core.StandardHostValve.invoke(StandardHostValve.java:135)
	at org.apache.catalina.valves.ErrorReportValve.invoke(ErrorReportValve.java:92)
	at org.apache.catalina.core.StandardEngineValve.invoke(StandardEngineValve.java:78)
	at org.apache.catalina.connector.CoyoteAdapter.service(CoyoteAdapter.java:360)
	at org.apache.coyote.http11.Http11Processor.service(Http11Processor.java:399)
	at org.apache.coyote.AbstractProcessorLight.process(AbstractProcessorLight.java:65)
	at org.apache.coyote.AbstractProtocol$ConnectionHandler.process(AbstractProtocol.java:890)
	at org.apache.tomcat.util.net.NioEndpoint$SocketProcessor.doRun(NioEndpoint.java:1743)
	at org.apache.tomcat.util.net.SocketProcessorBase.run(SocketProcessorBase.java:49)
	at org.apache.tomcat.util.threads.ThreadPoolExecutor.runWorker(ThreadPoolExecutor.java:1191)
	at org.apache.tomcat.util.threads.ThreadPoolExecutor$Worker.run(ThreadPoolExecutor.java:659)
	at org.apache.tomcat.util.threads.TaskThread$WrappingRunnable.run(TaskThread.java:61)
	at java.base/java.lang.Thread.run(Thread.java:833)
2022-05-11 09:57:40,569 DEBUG org.springframework.core.log.LogFormatUtils [http-nio-8081-exec-4] "ERROR" dispatch for POST "/error", parameters={}
2022-05-11 09:57:40,587 DEBUG org.springframework.web.servlet.handler.AbstractHandlerMapping [http-nio-8081-exec-4] Mapped to org.springframework.boot.autoconfigure.web.servlet.error.BasicErrorController#error(HttpServletRequest)
2022-05-11 09:57:40,588 DEBUG org.springframework.web.servlet.mvc.method.annotation.AbstractMessageConverterMethodProcessor [http-nio-8081-exec-4] Using 'application/json', given [*/*] and supported [application/json, application/*+json, application/json, application/*+json]
2022-05-11 09:57:40,589 DEBUG org.springframework.core.log.LogFormatUtils [http-nio-8081-exec-4] Writing [{timestamp=Wed May 11 09:57:40 IST 2022, status=500, error=Internal Server Error, path=/api/auth/sig (truncated)...]
2022-05-11 09:57:40,604 INFO io.jaegertracing.internal.reporters.LoggingReporter [http-nio-8081-exec-4] Span reported: dbfe7cabcea12be6:6da8b2be915f717f:dbfe7cabcea12be6:1 - error
2022-05-11 09:57:40,604 DEBUG org.springframework.web.servlet.FrameworkServlet [http-nio-8081-exec-4] Exiting from "ERROR" dispatch, status 500
2022-05-11 09:57:40,624 DEBUG org.springframework.boot.availability.ApplicationAvailabilityBean [SpringApplicationShutdownHook] Application availability state ReadinessState changed from ACCEPTING_TRAFFIC to REFUSING_TRAFFIC
2022-05-11 09:57:40,625 DEBUG org.springframework.context.support.AbstractApplicationContext [SpringApplicationShutdownHook] Closing org.springframework.boot.web.servlet.context.AnnotationConfigServletWebServerApplicationContext@7b8b43c7, started on Wed May 11 09:50:35 IST 2022
2022-05-11 09:57:40,642 ERROR io.jaegertracing.internal.reporters.RemoteReporter [Thread-2] Remote reporter error
io.jaegertracing.internal.exceptions.SenderException: Failed to flush spans.
	at io.jaegertracing.thrift.internal.senders.ThriftSender.flush(ThriftSender.java:112)
	at io.jaegertracing.thrift.internal.senders.ThriftSender.close(ThriftSender.java:122)
	at io.jaegertracing.thrift.internal.senders.UdpSender.close(UdpSender.java:73)
	at io.jaegertracing.internal.reporters.RemoteReporter.close(RemoteReporter.java:103)
	at io.jaegertracing.internal.reporters.CompositeReporter.close(CompositeReporter.java:44)
	at io.jaegertracing.internal.JaegerTracer.close(JaegerTracer.java:225)
	at io.jaegertracing.internal.JaegerTracer$1.run(JaegerTracer.java:135)
Caused by: io.jaegertracing.internal.exceptions.SenderException: Could not send 2 spans
	at io.jaegertracing.thrift.internal.senders.UdpSender.send(UdpSender.java:66)
	at io.jaegertracing.thrift.internal.senders.ThriftSender.flush(ThriftSender.java:110)
	... 6 common frames omitted
Caused by: org.apache.thrift.transport.TTransportException: Cannot flush closed transport
	at io.jaegertracing.thrift.internal.reporters.protocols.ThriftUdpTransport.flush(ThriftUdpTransport.java:148)
	at org.apache.thrift.TServiceClient.sendBase(TServiceClient.java:73)
	at org.apache.thrift.TServiceClient.sendBaseOneway(TServiceClient.java:66)
	at io.jaegertracing.agent.thrift.Agent$Client.send_emitBatch(Agent.java:70)
	at io.jaegertracing.agent.thrift.Agent$Client.emitBatch(Agent.java:63)
	at io.jaegertracing.thrift.internal.senders.UdpSender.send(UdpSender.java:64)
	... 7 common frames omitted
Caused by: java.net.PortUnreachableException: null
	at java.base/sun.nio.ch.DatagramDispatcher.write0(Native Method)
	at java.base/sun.nio.ch.DatagramDispatcher.write(DatagramDispatcher.java:51)
	at java.base/sun.nio.ch.IOUtil.writeFromNativeBuffer(IOUtil.java:132)
	at java.base/sun.nio.ch.IOUtil.write(IOUtil.java:76)
	at java.base/sun.nio.ch.IOUtil.write(IOUtil.java:53)
	at java.base/sun.nio.ch.DatagramChannelImpl.send(DatagramChannelImpl.java:797)
	at java.base/sun.nio.ch.DatagramChannelImpl.blockingSend(DatagramChannelImpl.java:853)
	at java.base/sun.nio.ch.DatagramSocketAdaptor.send(DatagramSocketAdaptor.java:218)
	at java.base/java.net.DatagramSocket.send(DatagramSocket.java:664)
	at io.jaegertracing.thrift.internal.reporters.protocols.ThriftUdpTransport.flush(ThriftUdpTransport.java:146)
	... 12 common frames omitted
2022-05-11 09:57:40,687 INFO org.springframework.orm.jpa.AbstractEntityManagerFactoryBean [SpringApplicationShutdownHook] Closing JPA EntityManagerFactory for persistence unit 'default'
2022-05-11 09:57:40,691 INFO com.zaxxer.hikari.HikariDataSource [SpringApplicationShutdownHook] HikariPool-1 - Shutdown initiated...
2022-05-11 09:57:40,710 INFO com.zaxxer.hikari.HikariDataSource [SpringApplicationShutdownHook] HikariPool-1 - Shutdown completed.
