2022-04-29 18:28:55,450 DEBUG org.springframework.boot.availability.ApplicationAvailabilityBean [main] Application availability state LivenessState changed to CORRECT
2022-04-29 18:28:55,453 DEBUG org.springframework.boot.availability.ApplicationAvailabilityBean [main] Application availability state ReadinessState changed to ACCEPTING_TRAFFIC
2022-04-29 18:29:06,745 INFO org.apache.juli.logging.DirectJDKLog [http-nio-8081-exec-1] Initializing Spring DispatcherServlet 'dispatcherServlet'
2022-04-29 18:29:06,746 INFO org.springframework.web.servlet.FrameworkServlet [http-nio-8081-exec-1] Initializing Servlet 'dispatcherServlet'
2022-04-29 18:29:06,747 DEBUG org.springframework.web.servlet.DispatcherServlet [http-nio-8081-exec-1] Detected StandardServletMultipartResolver
2022-04-29 18:29:06,749 DEBUG org.springframework.web.servlet.DispatcherServlet [http-nio-8081-exec-1] Detected AcceptHeaderLocaleResolver
2022-04-29 18:29:06,750 DEBUG org.springframework.web.servlet.DispatcherServlet [http-nio-8081-exec-1] Detected FixedThemeResolver
2022-04-29 18:29:06,753 DEBUG org.springframework.web.servlet.DispatcherServlet [http-nio-8081-exec-1] Detected org.springframework.web.servlet.view.DefaultRequestToViewNameTranslator@39d44217
2022-04-29 18:29:06,754 DEBUG org.springframework.web.servlet.DispatcherServlet [http-nio-8081-exec-1] Detected org.springframework.web.servlet.support.SessionFlashMapManager@2862bac6
2022-04-29 18:29:06,754 DEBUG org.springframework.web.servlet.FrameworkServlet [http-nio-8081-exec-1] enableLoggingRequestDetails='false': request parameters and headers will be masked to prevent unsafe logging of potentially sensitive data
2022-04-29 18:29:06,754 INFO org.springframework.web.servlet.FrameworkServlet [http-nio-8081-exec-1] Completed initialization in 7 ms
2022-04-29 18:29:06,804 DEBUG org.springframework.core.log.LogFormatUtils [http-nio-8081-exec-1] GET "/swagger-ui/index.html", parameters={}
2022-04-29 18:29:06,823 DEBUG org.springframework.web.servlet.handler.AbstractHandlerMapping [http-nio-8081-exec-1] Mapped to ResourceHttpRequestHandler [classpath [META-INF/resources/webjars/]]
2022-04-29 18:29:06,860 DEBUG org.springframework.web.servlet.FrameworkServlet [http-nio-8081-exec-1] Completed 200 OK
2022-04-29 18:29:06,892 DEBUG org.springframework.core.log.LogFormatUtils [http-nio-8081-exec-2] GET "/swagger-ui/swagger-ui.css", parameters={}
2022-04-29 18:29:06,897 DEBUG org.springframework.core.log.LogFormatUtils [http-nio-8081-exec-3] GET "/swagger-ui/swagger-ui-bundle.js", parameters={}
2022-04-29 18:29:06,900 DEBUG org.springframework.web.servlet.handler.AbstractHandlerMapping [http-nio-8081-exec-2] Mapped to ResourceHttpRequestHandler [classpath [META-INF/resources/webjars/]]
2022-04-29 18:29:06,899 DEBUG org.springframework.web.servlet.handler.AbstractHandlerMapping [http-nio-8081-exec-3] Mapped to ResourceHttpRequestHandler [classpath [META-INF/resources/webjars/]]
2022-04-29 18:29:06,905 DEBUG org.springframework.core.log.LogFormatUtils [http-nio-8081-exec-4] GET "/swagger-ui/swagger-ui-standalone-preset.js", parameters={}
2022-04-29 18:29:06,907 DEBUG org.springframework.web.servlet.handler.AbstractHandlerMapping [http-nio-8081-exec-4] Mapped to ResourceHttpRequestHandler [classpath [META-INF/resources/webjars/]]
2022-04-29 18:29:06,910 DEBUG org.springframework.web.servlet.FrameworkServlet [http-nio-8081-exec-2] Completed 200 OK
2022-04-29 18:29:06,924 DEBUG org.springframework.web.servlet.FrameworkServlet [http-nio-8081-exec-4] Completed 200 OK
2022-04-29 18:29:07,032 DEBUG org.springframework.web.servlet.FrameworkServlet [http-nio-8081-exec-3] Completed 200 OK
2022-04-29 18:29:13,345 DEBUG org.springframework.core.log.LogFormatUtils [http-nio-8081-exec-5] GET "/MATC", parameters={}
2022-04-29 18:29:13,348 DEBUG org.springframework.web.servlet.handler.AbstractHandlerMapping [http-nio-8081-exec-5] Mapped to org.springdoc.webmvc.api.OpenApiWebMvcResource#openapiJson(HttpServletRequest, String)
2022-04-29 18:29:14,309 INFO org.springdoc.api.AbstractOpenApiResource [http-nio-8081-exec-5] Init duration for springdoc-openapi is: 914 ms
2022-04-29 18:29:14,410 DEBUG org.springframework.web.servlet.mvc.method.annotation.AbstractMessageConverterMethodProcessor [http-nio-8081-exec-5] Using 'application/json', given [application/json, */*] and supported [application/json]
2022-04-29 18:29:14,411 DEBUG org.springframework.core.log.LogFormatUtils [http-nio-8081-exec-5] Writing ["{"openapi":"3.0.1","info":{"title":"MATC Assessments ","description":"ESS system is used for managem (truncated)..."]
2022-04-29 18:29:14,417 DEBUG org.springframework.web.servlet.FrameworkServlet [http-nio-8081-exec-5] Completed 200 OK
2022-04-29 18:29:14,419 INFO io.jaegertracing.internal.reporters.LoggingReporter [http-nio-8081-exec-5] Span reported: 5df07c96dd21519:5df07c96dd21519:0:1 - openapiJson
2022-04-29 18:29:31,383 DEBUG org.springframework.core.log.LogFormatUtils [http-nio-8081-exec-6] POST "/api/v1/login", parameters={}
2022-04-29 18:29:31,384 DEBUG org.springframework.web.servlet.handler.AbstractHandlerMapping [http-nio-8081-exec-6] Mapped to com.matc.MATC.AccessMent.Java.controller.UserController#generateToken(JwtRequest)
2022-04-29 18:29:31,407 DEBUG org.springframework.core.log.LogFormatUtils [http-nio-8081-exec-6] Read "application/json;charset=UTF-8" to [JwtRequest(username=admin, password=admin123)]
2022-04-29 18:29:31,455 DEBUG org.hibernate.engine.jdbc.spi.SqlStatementLogger [http-nio-8081-exec-6] select user0_.user_id as user_id1_3_, user0_.password as password2_3_, user0_.role as role3_3_, user0_.user_name as user_nam4_3_ from user user0_ where user0_.user_name=?
2022-04-29 18:29:31,483 DEBUG org.hibernate.engine.jdbc.spi.SqlStatementLogger [http-nio-8081-exec-6] select user0_.user_id as user_id1_3_, user0_.password as password2_3_, user0_.role as role3_3_, user0_.user_name as user_nam4_3_ from user user0_ where user0_.user_name=?
2022-04-29 18:29:31,531 DEBUG org.springframework.web.servlet.mvc.method.annotation.AbstractMessageConverterMethodProcessor [http-nio-8081-exec-6] Using 'application/json', given [*/*] and supported [application/json, application/*+json, application/json, application/*+json]
2022-04-29 18:29:31,541 DEBUG org.springframework.core.log.LogFormatUtils [http-nio-8081-exec-6] Writing [LoginDto(id=1, userName=admin, role=ADMIN, token=eyJhbGciOiJIUzUxMiJ9.eyJzdWIiOiJhZG1pbiIsImF1ZCI6Ik (truncated)...]
2022-04-29 18:29:31,545 DEBUG org.springframework.web.servlet.FrameworkServlet [http-nio-8081-exec-6] Completed 201 CREATED
2022-04-29 18:29:31,546 INFO io.jaegertracing.internal.reporters.LoggingReporter [http-nio-8081-exec-6] Span reported: be60eb1e381b7e00:be60eb1e381b7e00:0:1 - generateToken
2022-04-29 18:31:00,548 DEBUG org.hibernate.engine.jdbc.spi.SqlStatementLogger [http-nio-8081-exec-10] select user0_.user_id as user_id1_3_, user0_.password as password2_3_, user0_.role as role3_3_, user0_.user_name as user_nam4_3_ from user user0_ where user0_.user_name=?
2022-04-29 18:31:00,559 DEBUG org.springframework.core.log.LogFormatUtils [http-nio-8081-exec-10] POST "/api/v1/employee", parameters={}
2022-04-29 18:31:00,564 DEBUG org.springframework.web.servlet.handler.AbstractHandlerMapping [http-nio-8081-exec-10] Mapped to com.matc.MATC.AccessMent.Java.controller.EmployeeController#saveEmployee(EmployeeDto)
2022-04-29 18:31:00,598 DEBUG org.springframework.core.log.LogFormatUtils [http-nio-8081-exec-10] Read "application/json;charset=UTF-8" to [EmployeeDto(empId=4, experience=ssss, designation=ssss, salary=11, mobileNumber=1234567890, addId=4, (truncated)...]
2022-04-29 18:31:05,849 DEBUG org.hibernate.engine.jdbc.spi.SqlStatementLogger [http-nio-8081-exec-10] select person0_.person_id as person_i1_2_, person0_.email as email2_2_, person0_.mobile_number as mobile_n3_2_, person0_.name as name4_2_ from person person0_ where person0_.mobile_number=?
2022-04-29 18:31:29,004 DEBUG org.hibernate.engine.jdbc.spi.SqlStatementLogger [http-nio-8081-exec-10] select address0_.add_id as add_id1_0_2_, address0_.emp_id as emp_id5_0_2_, address0_.land_mark as land_mar2_0_2_, address0_.location as location3_0_2_, address0_.pin_code as pin_code4_0_2_, employee1_.emp_id as emp_id1_1_0_, employee1_.designation as designat2_1_0_, employee1_.experience as experien3_1_0_, employee1_.person_id as person_i5_1_0_, employee1_.salary as salary4_1_0_, person2_.person_id as person_i1_2_1_, person2_.email as email2_2_1_, person2_.mobile_number as mobile_n3_2_1_, person2_.name as name4_2_1_ from address address0_ left outer join employee employee1_ on address0_.emp_id=employee1_.emp_id left outer join person person2_ on employee1_.person_id=person2_.person_id where address0_.add_id=?
2022-04-29 18:31:29,139 DEBUG org.hibernate.engine.jdbc.spi.SqlStatementLogger [http-nio-8081-exec-10] insert into address (emp_id, land_mark, location, pin_code, add_id) values (?, ?, ?, ?, ?)
2022-04-29 18:31:31,510 DEBUG org.hibernate.engine.jdbc.spi.SqlStatementLogger [http-nio-8081-exec-10] select employee0_.emp_id as emp_id1_1_2_, employee0_.designation as designat2_1_2_, employee0_.experience as experien3_1_2_, employee0_.person_id as person_i5_1_2_, employee0_.salary as salary4_1_2_, addresslis1_.emp_id as emp_id5_0_4_, addresslis1_.add_id as add_id1_0_4_, addresslis1_.add_id as add_id1_0_0_, addresslis1_.emp_id as emp_id5_0_0_, addresslis1_.land_mark as land_mar2_0_0_, addresslis1_.location as location3_0_0_, addresslis1_.pin_code as pin_code4_0_0_, person2_.person_id as person_i1_2_1_, person2_.email as email2_2_1_, person2_.mobile_number as mobile_n3_2_1_, person2_.name as name4_2_1_ from employee employee0_ left outer join address addresslis1_ on employee0_.emp_id=addresslis1_.emp_id inner join person person2_ on employee0_.person_id=person2_.person_id where employee0_.emp_id=?
2022-04-29 18:31:31,584 DEBUG org.hibernate.engine.jdbc.spi.SqlStatementLogger [http-nio-8081-exec-10] insert into employee (designation, experience, person_id, salary, emp_id) values (?, ?, ?, ?, ?)
2022-04-29 18:31:35,111 INFO com.mongodb.diagnostics.logging.SLF4JLogger [http-nio-8081-exec-10] Opened connection [connectionId{localValue:5, serverValue:308}] to localhost:27017
2022-04-29 18:31:44,334 DEBUG org.springframework.web.servlet.mvc.method.annotation.AbstractMessageConverterMethodProcessor [http-nio-8081-exec-10] Using 'application/json', given [*/*] and supported [application/json, application/*+json, application/json, application/*+json]
2022-04-29 18:31:44,338 DEBUG org.springframework.core.log.LogFormatUtils [http-nio-8081-exec-10] Writing [EmployeeDto(empId=4, experience=ssss, designation=ssss, salary=11, mobileNumber=1234567890, addId=4, (truncated)...]
2022-04-29 18:31:44,340 DEBUG org.springframework.web.servlet.FrameworkServlet [http-nio-8081-exec-10] Completed 200 OK
2022-04-29 18:31:44,341 INFO io.jaegertracing.internal.reporters.LoggingReporter [http-nio-8081-exec-10] Span reported: 98bb9f34d84ddc0f:98bb9f34d84ddc0f:0:1 - saveEmployee
2022-04-29 18:32:50,036 DEBUG org.springframework.boot.availability.ApplicationAvailabilityBean [SpringApplicationShutdownHook] Application availability state ReadinessState changed from ACCEPTING_TRAFFIC to REFUSING_TRAFFIC
2022-04-29 18:32:50,037 DEBUG org.springframework.context.support.AbstractApplicationContext [SpringApplicationShutdownHook] Closing org.springframework.boot.web.servlet.context.AnnotationConfigServletWebServerApplicationContext@71e693fa, started on Fri Apr 29 18:28:45 IST 2022
2022-04-29 18:32:50,074 INFO org.springframework.orm.jpa.AbstractEntityManagerFactoryBean [SpringApplicationShutdownHook] Closing JPA EntityManagerFactory for persistence unit 'default'
2022-04-29 18:32:50,077 INFO com.zaxxer.hikari.HikariDataSource [SpringApplicationShutdownHook] HikariPool-1 - Shutdown initiated...
2022-04-29 18:32:50,095 INFO com.zaxxer.hikari.HikariDataSource [SpringApplicationShutdownHook] HikariPool-1 - Shutdown completed.
