2022-04-26 20:37:28,913 DEBUG org.springframework.boot.availability.ApplicationAvailabilityBean [main] Application availability state LivenessState changed to CORRECT
2022-04-26 20:37:28,917 DEBUG org.springframework.boot.availability.ApplicationAvailabilityBean [main] Application availability state ReadinessState changed to ACCEPTING_TRAFFIC
2022-04-26 20:37:34,799 INFO org.apache.juli.logging.DirectJDKLog [http-nio-8081-exec-1] Initializing Spring DispatcherServlet 'dispatcherServlet'
2022-04-26 20:37:34,799 INFO org.springframework.web.servlet.FrameworkServlet [http-nio-8081-exec-1] Initializing Servlet 'dispatcherServlet'
2022-04-26 20:37:34,800 DEBUG org.springframework.web.servlet.DispatcherServlet [http-nio-8081-exec-1] Detected StandardServletMultipartResolver
2022-04-26 20:37:34,800 DEBUG org.springframework.web.servlet.DispatcherServlet [http-nio-8081-exec-1] Detected AcceptHeaderLocaleResolver
2022-04-26 20:37:34,801 DEBUG org.springframework.web.servlet.DispatcherServlet [http-nio-8081-exec-1] Detected FixedThemeResolver
2022-04-26 20:37:34,803 DEBUG org.springframework.web.servlet.DispatcherServlet [http-nio-8081-exec-1] Detected org.springframework.web.servlet.view.DefaultRequestToViewNameTranslator@77e1b84c
2022-04-26 20:37:34,804 DEBUG org.springframework.web.servlet.DispatcherServlet [http-nio-8081-exec-1] Detected org.springframework.web.servlet.support.SessionFlashMapManager@53dd29e0
2022-04-26 20:37:34,804 DEBUG org.springframework.web.servlet.FrameworkServlet [http-nio-8081-exec-1] enableLoggingRequestDetails='false': request parameters and headers will be masked to prevent unsafe logging of potentially sensitive data
2022-04-26 20:37:34,804 INFO org.springframework.web.servlet.FrameworkServlet [http-nio-8081-exec-1] Completed initialization in 4 ms
2022-04-26 20:37:34,835 DEBUG org.springframework.core.log.LogFormatUtils [http-nio-8081-exec-1] GET "/swagger-ui/index.html?configUrl=/MATC/swagger-config", parameters={masked}
2022-04-26 20:37:34,849 DEBUG org.springframework.web.servlet.handler.AbstractHandlerMapping [http-nio-8081-exec-1] Mapped to ResourceHttpRequestHandler [classpath [META-INF/resources/webjars/]]
2022-04-26 20:37:34,872 DEBUG org.springframework.web.servlet.FrameworkServlet [http-nio-8081-exec-1] Completed 200 OK
2022-04-26 20:37:34,907 DEBUG org.springframework.core.log.LogFormatUtils [http-nio-8081-exec-2] GET "/swagger-ui/swagger-ui.css", parameters={}
2022-04-26 20:37:34,908 DEBUG org.springframework.core.log.LogFormatUtils [http-nio-8081-exec-3] GET "/swagger-ui/swagger-ui-bundle.js", parameters={}
2022-04-26 20:37:34,911 DEBUG org.springframework.web.servlet.handler.AbstractHandlerMapping [http-nio-8081-exec-3] Mapped to ResourceHttpRequestHandler [classpath [META-INF/resources/webjars/]]
2022-04-26 20:37:34,911 DEBUG org.springframework.web.servlet.handler.AbstractHandlerMapping [http-nio-8081-exec-2] Mapped to ResourceHttpRequestHandler [classpath [META-INF/resources/webjars/]]
2022-04-26 20:37:34,925 DEBUG org.springframework.web.servlet.FrameworkServlet [http-nio-8081-exec-2] Completed 200 OK
2022-04-26 20:37:34,936 DEBUG org.springframework.core.log.LogFormatUtils [http-nio-8081-exec-4] GET "/swagger-ui/swagger-ui-standalone-preset.js", parameters={}
2022-04-26 20:37:34,939 DEBUG org.springframework.web.servlet.handler.AbstractHandlerMapping [http-nio-8081-exec-4] Mapped to ResourceHttpRequestHandler [classpath [META-INF/resources/webjars/]]
2022-04-26 20:37:34,954 DEBUG org.springframework.web.servlet.FrameworkServlet [http-nio-8081-exec-4] Completed 200 OK
2022-04-26 20:37:34,975 DEBUG org.springframework.web.servlet.FrameworkServlet [http-nio-8081-exec-3] Completed 200 OK
2022-04-26 20:37:35,273 DEBUG org.springframework.core.log.LogFormatUtils [http-nio-8081-exec-6] GET "/swagger-ui/favicon-32x32.png", parameters={}
2022-04-26 20:37:35,276 DEBUG org.springframework.web.servlet.handler.AbstractHandlerMapping [http-nio-8081-exec-6] Mapped to ResourceHttpRequestHandler [classpath [META-INF/resources/webjars/]]
2022-04-26 20:37:35,280 DEBUG org.springframework.core.log.LogFormatUtils [http-nio-8081-exec-5] GET "/MATC/swagger-config", parameters={}
2022-04-26 20:37:35,284 DEBUG org.springframework.web.servlet.FrameworkServlet [http-nio-8081-exec-6] Completed 200 OK
2022-04-26 20:37:35,285 DEBUG org.springframework.web.servlet.handler.AbstractHandlerMapping [http-nio-8081-exec-5] Mapped to org.springdoc.webmvc.ui.SwaggerWelcomeWebMvc#openapiJson(HttpServletRequest)
2022-04-26 20:37:35,313 DEBUG org.springframework.web.servlet.mvc.method.annotation.AbstractMessageConverterMethodProcessor [http-nio-8081-exec-5] Using 'application/json', given [*/*] and supported [application/json]
2022-04-26 20:37:35,328 DEBUG org.springframework.core.log.LogFormatUtils [http-nio-8081-exec-5] Writing [{configUrl=/MATC/swagger-config, oauth2RedirectUrl=http://localhost:8081/swagger-ui/oauth2-redirect. (truncated)...]
2022-04-26 20:37:35,348 DEBUG org.springframework.web.servlet.FrameworkServlet [http-nio-8081-exec-5] Completed 200 OK
2022-04-26 20:37:35,349 INFO io.jaegertracing.internal.reporters.LoggingReporter [http-nio-8081-exec-5] Span reported: 4f0e8ac8bf594378:4f0e8ac8bf594378:0:1 - openapiJson
2022-04-26 20:37:35,391 DEBUG org.springframework.core.log.LogFormatUtils [http-nio-8081-exec-7] GET "/MATC", parameters={}
2022-04-26 20:37:35,392 DEBUG org.springframework.web.servlet.handler.AbstractHandlerMapping [http-nio-8081-exec-7] Mapped to org.springdoc.webmvc.api.OpenApiWebMvcResource#openapiJson(HttpServletRequest, String)
2022-04-26 20:37:36,495 INFO org.springdoc.api.AbstractOpenApiResource [http-nio-8081-exec-7] Init duration for springdoc-openapi is: 1083 ms
2022-04-26 20:37:36,551 DEBUG org.springframework.web.servlet.mvc.method.annotation.AbstractMessageConverterMethodProcessor [http-nio-8081-exec-7] Using 'application/json', given [application/json, */*] and supported [application/json]
2022-04-26 20:37:36,551 DEBUG org.springframework.core.log.LogFormatUtils [http-nio-8081-exec-7] Writing ["{"openapi":"3.0.1","info":{"title":"MATC Assessments ","description":"ESS system is used for managem (truncated)..."]
2022-04-26 20:37:36,553 DEBUG org.springframework.web.servlet.FrameworkServlet [http-nio-8081-exec-7] Completed 200 OK
2022-04-26 20:37:36,554 INFO io.jaegertracing.internal.reporters.LoggingReporter [http-nio-8081-exec-7] Span reported: 8a18ae776bb93e5b:8a18ae776bb93e5b:0:1 - openapiJson
2022-04-26 20:37:51,861 DEBUG org.springframework.core.log.LogFormatUtils [http-nio-8081-exec-8] POST "/api/v1/admin", parameters={}
2022-04-26 20:37:51,862 DEBUG org.springframework.web.servlet.handler.AbstractHandlerMapping [http-nio-8081-exec-8] Mapped to com.matc.MATC.AccessMent.Java.controller.UserController#admin()
2022-04-26 20:37:51,992 DEBUG org.hibernate.engine.jdbc.spi.SqlStatementLogger [http-nio-8081-exec-8] select user0_.user_id as user_id1_4_, user0_.password as password2_4_, user0_.role as role3_4_, user0_.user_name as user_nam4_4_ from userMo user0_ where user0_.user_name=?
2022-04-26 20:37:52,038 DEBUG org.hibernate.engine.jdbc.spi.SqlStatementLogger [http-nio-8081-exec-8] select next_val as id_val from hibernate_sequence for update
2022-04-26 20:37:52,043 DEBUG org.hibernate.engine.jdbc.spi.SqlStatementLogger [http-nio-8081-exec-8] update hibernate_sequence set next_val= ? where next_val=?
2022-04-26 20:37:52,129 DEBUG org.hibernate.engine.jdbc.spi.SqlStatementLogger [http-nio-8081-exec-8] insert into userMo (password, role, user_name, user_id) values (?, ?, ?, ?)
2022-04-26 20:37:52,161 DEBUG org.springframework.web.servlet.mvc.method.annotation.AbstractMessageConverterMethodProcessor [http-nio-8081-exec-8] Using 'application/json', given [*/*] and supported [application/json, application/*+json, application/json, application/*+json]
2022-04-26 20:37:52,174 DEBUG org.springframework.core.log.LogFormatUtils [http-nio-8081-exec-8] Writing [User(userId=1, userName=admin, password=admin123, role=ADMIN)]
2022-04-26 20:37:52,178 DEBUG org.springframework.web.servlet.FrameworkServlet [http-nio-8081-exec-8] Completed 201 CREATED
2022-04-26 20:37:52,179 INFO io.jaegertracing.internal.reporters.LoggingReporter [http-nio-8081-exec-8] Span reported: 5dfacd2f5d819956:5dfacd2f5d819956:0:1 - admin
2022-04-26 20:41:10,982 DEBUG org.springframework.core.log.LogFormatUtils [http-nio-8081-exec-2] POST "/api/v1/login", parameters={}
2022-04-26 20:41:10,983 DEBUG org.springframework.web.servlet.handler.AbstractHandlerMapping [http-nio-8081-exec-2] Mapped to com.matc.MATC.AccessMent.Java.controller.UserController#generateToken(JwtRequest)
2022-04-26 20:41:11,008 DEBUG org.springframework.core.log.LogFormatUtils [http-nio-8081-exec-2] Read "application/json;charset=UTF-8" to [JwtRequest(username=admin, password=admin123)]
2022-04-26 20:41:11,013 DEBUG org.hibernate.engine.jdbc.spi.SqlStatementLogger [http-nio-8081-exec-2] select user0_.user_id as user_id1_4_, user0_.password as password2_4_, user0_.role as role3_4_, user0_.user_name as user_nam4_4_ from userMo user0_ where user0_.user_name=?
2022-04-26 20:41:11,024 DEBUG org.hibernate.engine.jdbc.spi.SqlStatementLogger [http-nio-8081-exec-2] select user0_.user_id as user_id1_4_, user0_.password as password2_4_, user0_.role as role3_4_, user0_.user_name as user_nam4_4_ from userMo user0_ where user0_.user_name=?
2022-04-26 20:41:11,054 DEBUG org.springframework.web.servlet.mvc.method.annotation.AbstractMessageConverterMethodProcessor [http-nio-8081-exec-2] Using 'application/json', given [*/*] and supported [application/json, application/*+json, application/json, application/*+json]
2022-04-26 20:41:11,056 DEBUG org.springframework.core.log.LogFormatUtils [http-nio-8081-exec-2] Writing [LoginDto(id=1, userName=admin, role=ADMIN, token=eyJhbGciOiJIUzUxMiJ9.eyJzdWIiOiJhZG1pbiIsImF1ZCI6Ik (truncated)...]
2022-04-26 20:41:11,059 DEBUG org.springframework.web.servlet.FrameworkServlet [http-nio-8081-exec-2] Completed 201 CREATED
2022-04-26 20:41:11,062 INFO io.jaegertracing.internal.reporters.LoggingReporter [http-nio-8081-exec-2] Span reported: c746230dbb815ac2:c746230dbb815ac2:0:1 - generateToken
2022-04-26 20:50:43,903 DEBUG org.hibernate.engine.jdbc.spi.SqlStatementLogger [http-nio-8081-exec-3] select user0_.user_id as user_id1_4_, user0_.password as password2_4_, user0_.role as role3_4_, user0_.user_name as user_nam4_4_ from userMo user0_ where user0_.user_name=?
2022-04-26 20:50:43,910 DEBUG org.springframework.core.log.LogFormatUtils [http-nio-8081-exec-3] POST "/api/v1/employeeMo", parameters={}
2022-04-26 20:50:43,911 DEBUG org.springframework.web.servlet.handler.AbstractHandlerMapping [http-nio-8081-exec-3] Mapped to com.matc.MATC.AccessMent.Java.controller.EmployeeController#saveEmployee(Employee)
2022-04-26 20:50:43,923 DEBUG org.springframework.web.method.support.InvocableHandlerMethod [http-nio-8081-exec-3] Could not resolve parameter [0] in public com.matc.MATC.AccessMent.Java.model.Employee com.matc.MATC.AccessMent.Java.controller.EmployeeController.saveEmployee(com.matc.MATC.AccessMent.Java.model.Employee) throws java.lang.Exception: JSON parse error: Cannot construct instance of `com.matc.MATC.AccessMent.Java.model.Employee` (although at least one Creator exists): no String-argument constructor/factory method to deserialize from String value ('111'); nested exception is com.fasterxml.jackson.databind.exc.MismatchedInputException: Cannot construct instance of `com.matc.MATC.AccessMent.Java.model.Employee` (although at least one Creator exists): no String-argument constructor/factory method to deserialize from String value ('111')
 at [Source: (org.springframework.util.StreamUtils$NonClosingInputStream); line: 12, column: 17] (through reference chain: com.matc.MATC.AccessMent.Java.model.Employee["person"]->com.matc.MATC.AccessMent.Java.model.Person["employeeMo"])
2022-04-26 20:50:43,926 WARN org.springframework.web.servlet.handler.AbstractHandlerExceptionResolver [http-nio-8081-exec-3] Resolved [org.springframework.http.converter.HttpMessageNotReadableException: JSON parse error: Cannot construct instance of `com.matc.MATC.AccessMent.Java.model.Employee` (although at least one Creator exists): no String-argument constructor/factory method to deserialize from String value ('111'); nested exception is com.fasterxml.jackson.databind.exc.MismatchedInputException: Cannot construct instance of `com.matc.MATC.AccessMent.Java.model.Employee` (although at least one Creator exists): no String-argument constructor/factory method to deserialize from String value ('111')<EOL> at [Source: (org.springframework.util.StreamUtils$NonClosingInputStream); line: 12, column: 17] (through reference chain: com.matc.MATC.AccessMent.Java.model.Employee["person"]->com.matc.MATC.AccessMent.Java.model.Person["employeeMo"])]
2022-04-26 20:50:43,927 DEBUG org.springframework.web.servlet.FrameworkServlet [http-nio-8081-exec-3] Completed 400 BAD_REQUEST
2022-04-26 20:50:43,928 INFO io.jaegertracing.internal.reporters.LoggingReporter [http-nio-8081-exec-3] Span reported: c12475661b586d5b:c12475661b586d5b:0:1 - saveEmployee
2022-04-26 20:50:43,934 DEBUG org.springframework.core.log.LogFormatUtils [http-nio-8081-exec-3] "ERROR" dispatch for POST "/error", parameters={}
2022-04-26 20:50:43,936 DEBUG org.springframework.web.servlet.handler.AbstractHandlerMapping [http-nio-8081-exec-3] Mapped to org.springframework.boot.autoconfigure.web.servlet.error.BasicErrorController#error(HttpServletRequest)
2022-04-26 20:50:43,942 DEBUG org.springframework.web.servlet.mvc.method.annotation.AbstractMessageConverterMethodProcessor [http-nio-8081-exec-3] Using 'application/json', given [*/*] and supported [application/json, application/*+json, application/json, application/*+json]
2022-04-26 20:50:43,943 DEBUG org.springframework.core.log.LogFormatUtils [http-nio-8081-exec-3] Writing [{timestamp=Tue Apr 26 20:50:43 IST 2022, status=400, error=Bad Request, path=/api/v1/employeeMo}]
2022-04-26 20:50:43,947 INFO io.jaegertracing.internal.reporters.LoggingReporter [http-nio-8081-exec-3] Span reported: c12475661b586d5b:4dad43eec89f2fed:c12475661b586d5b:1 - error
2022-04-26 20:50:43,948 DEBUG org.springframework.web.servlet.FrameworkServlet [http-nio-8081-exec-3] Exiting from "ERROR" dispatch, status 400
2022-04-26 20:51:08,224 DEBUG org.hibernate.engine.jdbc.spi.SqlStatementLogger [http-nio-8081-exec-6] select user0_.user_id as user_id1_4_, user0_.password as password2_4_, user0_.role as role3_4_, user0_.user_name as user_nam4_4_ from userMo user0_ where user0_.user_name=?
2022-04-26 20:51:08,234 DEBUG org.springframework.core.log.LogFormatUtils [http-nio-8081-exec-6] POST "/api/v1/employeeMo", parameters={}
2022-04-26 20:51:08,235 DEBUG org.springframework.web.servlet.handler.AbstractHandlerMapping [http-nio-8081-exec-6] Mapped to com.matc.MATC.AccessMent.Java.controller.EmployeeController#saveEmployee(Employee)
2022-04-26 20:51:08,238 DEBUG org.springframework.web.method.support.InvocableHandlerMethod [http-nio-8081-exec-6] Could not resolve parameter [0] in public com.matc.MATC.AccessMent.Java.model.Employee com.matc.MATC.AccessMent.Java.controller.EmployeeController.saveEmployee(com.matc.MATC.AccessMent.Java.model.Employee) throws java.lang.Exception: JSON parse error: Unexpected character ('l' (code 108)): was expecting comma to separate Object entries; nested exception is com.fasterxml.jackson.core.JsonParseException: Unexpected character ('l' (code 108)): was expecting comma to separate Object entries
 at [Source: (org.springframework.util.StreamUtils$NonClosingInputStream); line: 2, column: 14]
2022-04-26 20:51:08,239 WARN org.springframework.web.servlet.handler.AbstractHandlerExceptionResolver [http-nio-8081-exec-6] Resolved [org.springframework.http.converter.HttpMessageNotReadableException: JSON parse error: Unexpected character ('l' (code 108)): was expecting comma to separate Object entries; nested exception is com.fasterxml.jackson.core.JsonParseException: Unexpected character ('l' (code 108)): was expecting comma to separate Object entries<EOL> at [Source: (org.springframework.util.StreamUtils$NonClosingInputStream); line: 2, column: 14]]
2022-04-26 20:51:08,239 DEBUG org.springframework.web.servlet.FrameworkServlet [http-nio-8081-exec-6] Completed 400 BAD_REQUEST
2022-04-26 20:51:08,240 INFO io.jaegertracing.internal.reporters.LoggingReporter [http-nio-8081-exec-6] Span reported: b4ef02b230f0b187:b4ef02b230f0b187:0:1 - saveEmployee
2022-04-26 20:51:08,241 DEBUG org.springframework.core.log.LogFormatUtils [http-nio-8081-exec-6] "ERROR" dispatch for POST "/error", parameters={}
2022-04-26 20:51:08,242 DEBUG org.springframework.web.servlet.handler.AbstractHandlerMapping [http-nio-8081-exec-6] Mapped to org.springframework.boot.autoconfigure.web.servlet.error.BasicErrorController#error(HttpServletRequest)
2022-04-26 20:51:08,243 DEBUG org.springframework.web.servlet.mvc.method.annotation.AbstractMessageConverterMethodProcessor [http-nio-8081-exec-6] Using 'application/json', given [*/*] and supported [application/json, application/*+json, application/json, application/*+json]
2022-04-26 20:51:08,244 DEBUG org.springframework.core.log.LogFormatUtils [http-nio-8081-exec-6] Writing [{timestamp=Tue Apr 26 20:51:08 IST 2022, status=400, error=Bad Request, path=/api/v1/employeeMo}]
2022-04-26 20:51:08,245 INFO io.jaegertracing.internal.reporters.LoggingReporter [http-nio-8081-exec-6] Span reported: b4ef02b230f0b187:c330a21300ae826e:b4ef02b230f0b187:1 - error
2022-04-26 20:51:08,246 DEBUG org.springframework.web.servlet.FrameworkServlet [http-nio-8081-exec-6] Exiting from "ERROR" dispatch, status 400
2022-04-26 20:52:59,649 DEBUG org.springframework.boot.availability.ApplicationAvailabilityBean [SpringApplicationShutdownHook] Application availability state ReadinessState changed from ACCEPTING_TRAFFIC to REFUSING_TRAFFIC
2022-04-26 20:52:59,650 DEBUG org.springframework.context.support.AbstractApplicationContext [SpringApplicationShutdownHook] Closing org.springframework.boot.web.servlet.context.AnnotationConfigServletWebServerApplicationContext@4278284b, started on Tue Apr 26 20:37:19 IST 2022
2022-04-26 20:52:59,689 INFO org.springframework.orm.jpa.AbstractEntityManagerFactoryBean [SpringApplicationShutdownHook] Closing JPA EntityManagerFactory for persistence unit 'default'
2022-04-26 20:52:59,693 INFO com.zaxxer.hikari.HikariDataSource [SpringApplicationShutdownHook] HikariPool-1 - Shutdown initiated...
2022-04-26 20:52:59,714 INFO com.zaxxer.hikari.HikariDataSource [SpringApplicationShutdownHook] HikariPool-1 - Shutdown completed.
