2022-04-27 21:05:20,043 INFO org.apache.juli.logging.DirectJDKLog [http-nio-8081-exec-1] Initializing Spring DispatcherServlet 'dispatcherServlet'
2022-04-27 21:05:20,044 INFO org.springframework.web.servlet.FrameworkServlet [http-nio-8081-exec-1] Initializing Servlet 'dispatcherServlet'
2022-04-27 21:05:20,045 DEBUG org.springframework.web.servlet.DispatcherServlet [http-nio-8081-exec-1] Detected StandardServletMultipartResolver
2022-04-27 21:05:20,046 DEBUG org.springframework.web.servlet.DispatcherServlet [http-nio-8081-exec-1] Detected AcceptHeaderLocaleResolver
2022-04-27 21:05:20,046 DEBUG org.springframework.web.servlet.DispatcherServlet [http-nio-8081-exec-1] Detected FixedThemeResolver
2022-04-27 21:05:20,048 DEBUG org.springframework.web.servlet.DispatcherServlet [http-nio-8081-exec-1] Detected org.springframework.web.servlet.view.DefaultRequestToViewNameTranslator@eef6e
2022-04-27 21:05:20,050 DEBUG org.springframework.web.servlet.DispatcherServlet [http-nio-8081-exec-1] Detected org.springframework.web.servlet.support.SessionFlashMapManager@2f97e3de
2022-04-27 21:05:20,061 DEBUG org.springframework.web.servlet.FrameworkServlet [http-nio-8081-exec-1] enableLoggingRequestDetails='false': request parameters and headers will be masked to prevent unsafe logging of potentially sensitive data
2022-04-27 21:05:20,063 INFO org.springframework.web.servlet.FrameworkServlet [http-nio-8081-exec-1] Completed initialization in 18 ms
2022-04-27 21:05:20,530 DEBUG org.hibernate.engine.jdbc.spi.SqlStatementLogger [http-nio-8081-exec-1] select user0_.user_id as user_id1_3_, user0_.password as password2_3_, user0_.role as role3_3_, user0_.user_name as user_nam4_3_ from userMo user0_ where user0_.user_name=?
2022-04-27 21:05:20,589 DEBUG org.springframework.core.log.LogFormatUtils [http-nio-8081-exec-1] POST "/api/v1/employeeMo", parameters={}
2022-04-27 21:05:20,600 DEBUG org.springframework.web.servlet.handler.AbstractHandlerMapping [http-nio-8081-exec-1] Mapped to com.matc.MATC.AccessMent.Java.controller.EmployeeController#saveEmployee(Employee)
2022-04-27 21:05:20,740 DEBUG org.springframework.core.log.LogFormatUtils [http-nio-8081-exec-1] Read "application/json;charset=UTF-8" to [com.matc.MATC.AccessMent.Java.model.Employee@6a280c30]
2022-04-27 21:05:23,770 DEBUG org.hibernate.engine.jdbc.spi.SqlStatementLogger [http-nio-8081-exec-1] select employee0_.emp_id as emp_id1_1_2_, employee0_.designation as designat2_1_2_, employee0_.experience as experien3_1_2_, employee0_.salary as salary4_1_2_, address1_.employee_emp_id as employee5_0_4_, address1_.add_id as add_id1_0_4_, address1_.add_id as add_id1_0_0_, address1_.employee_emp_id as employee5_0_0_, address1_.land_mark as land_mar2_0_0_, address1_.location as location3_0_0_, address1_.pin_code as pin_code4_0_0_, person2_.person_id as person_i1_2_1_, person2_.email as email2_2_1_, person2_.emp_id as emp_id5_2_1_, person2_.mobile_number as mobile_n3_2_1_, person2_.name as name4_2_1_ from employeeMo employee0_ left outer join address address1_ on employee0_.emp_id=address1_.employee_emp_id left outer join person person2_ on employee0_.emp_id=person2_.emp_id where employee0_.emp_id=?
2022-04-27 21:05:23,896 DEBUG org.hibernate.engine.jdbc.spi.SqlStatementLogger [http-nio-8081-exec-1] select address0_.add_id as add_id1_0_2_, address0_.employee_emp_id as employee5_0_2_, address0_.land_mark as land_mar2_0_2_, address0_.location as location3_0_2_, address0_.pin_code as pin_code4_0_2_, employee1_.emp_id as emp_id1_1_0_, employee1_.designation as designat2_1_0_, employee1_.experience as experien3_1_0_, employee1_.salary as salary4_1_0_, person2_.person_id as person_i1_2_1_, person2_.email as email2_2_1_, person2_.emp_id as emp_id5_2_1_, person2_.mobile_number as mobile_n3_2_1_, person2_.name as name4_2_1_ from address address0_ left outer join employeeMo employee1_ on address0_.employee_emp_id=employee1_.emp_id left outer join person person2_ on employee1_.emp_id=person2_.emp_id where address0_.add_id=?
2022-04-27 21:05:24,047 DEBUG org.hibernate.engine.jdbc.spi.SqlStatementLogger [http-nio-8081-exec-1] update address set employee_emp_id=?, land_mark=?, location=?, pin_code=? where add_id=?
2022-04-27 21:05:49,004 DEBUG org.springframework.web.servlet.mvc.method.annotation.AbstractMessageConverterMethodProcessor [http-nio-8081-exec-1] Using 'application/json', given [*/*] and supported [application/json, application/*+json, application/json, application/*+json]
2022-04-27 21:05:49,007 DEBUG org.springframework.core.log.LogFormatUtils [http-nio-8081-exec-1] Writing [com.matc.MATC.AccessMent.Java.model.Employee@22ce7029]
2022-04-27 21:05:49,057 DEBUG org.springframework.web.servlet.FrameworkServlet [http-nio-8081-exec-1] Completed 200 OK
2022-04-27 21:05:49,062 INFO io.jaegertracing.internal.reporters.LoggingReporter [http-nio-8081-exec-1] Span reported: 6ccea4c618f60851:6ccea4c618f60851:0:1 - saveEmployee
2022-04-27 21:12:24,807 DEBUG org.springframework.boot.availability.ApplicationAvailabilityBean [SpringApplicationShutdownHook] Application availability state ReadinessState changed from ACCEPTING_TRAFFIC to REFUSING_TRAFFIC
2022-04-27 21:12:24,808 DEBUG org.springframework.context.support.AbstractApplicationContext [SpringApplicationShutdownHook] Closing org.springframework.boot.web.servlet.context.AnnotationConfigServletWebServerApplicationContext@71e693fa, started on Wed Apr 27 21:04:55 IST 2022
2022-04-27 21:12:24,856 INFO org.springframework.orm.jpa.AbstractEntityManagerFactoryBean [SpringApplicationShutdownHook] Closing JPA EntityManagerFactory for persistence unit 'default'
2022-04-27 21:12:24,860 INFO com.zaxxer.hikari.HikariDataSource [SpringApplicationShutdownHook] HikariPool-1 - Shutdown initiated...
2022-04-27 21:12:24,883 INFO com.zaxxer.hikari.HikariDataSource [SpringApplicationShutdownHook] HikariPool-1 - Shutdown completed.
