2022-04-28 23:49:14,286 DEBUG org.springframework.boot.availability.ApplicationAvailabilityBean [main] Application availability state LivenessState changed to CORRECT
2022-04-28 23:49:14,290 DEBUG org.springframework.boot.availability.ApplicationAvailabilityBean [main] Application availability state ReadinessState changed to ACCEPTING_TRAFFIC
2022-04-28 23:50:33,308 INFO org.apache.juli.logging.DirectJDKLog [http-nio-8081-exec-1] Initializing Spring DispatcherServlet 'dispatcherServlet'
2022-04-28 23:50:33,309 INFO org.springframework.web.servlet.FrameworkServlet [http-nio-8081-exec-1] Initializing Servlet 'dispatcherServlet'
2022-04-28 23:50:33,320 DEBUG org.springframework.web.servlet.DispatcherServlet [http-nio-8081-exec-1] Detected StandardServletMultipartResolver
2022-04-28 23:50:33,328 DEBUG org.springframework.web.servlet.DispatcherServlet [http-nio-8081-exec-1] Detected AcceptHeaderLocaleResolver
2022-04-28 23:50:33,328 DEBUG org.springframework.web.servlet.DispatcherServlet [http-nio-8081-exec-1] Detected FixedThemeResolver
2022-04-28 23:50:33,331 DEBUG org.springframework.web.servlet.DispatcherServlet [http-nio-8081-exec-1] Detected org.springframework.web.servlet.view.DefaultRequestToViewNameTranslator@69fa5536
2022-04-28 23:50:33,332 DEBUG org.springframework.web.servlet.DispatcherServlet [http-nio-8081-exec-1] Detected org.springframework.web.servlet.support.SessionFlashMapManager@14c7ab73
2022-04-28 23:50:33,332 DEBUG org.springframework.web.servlet.FrameworkServlet [http-nio-8081-exec-1] enableLoggingRequestDetails='false': request parameters and headers will be masked to prevent unsafe logging of potentially sensitive data
2022-04-28 23:50:33,332 INFO org.springframework.web.servlet.FrameworkServlet [http-nio-8081-exec-1] Completed initialization in 22 ms
2022-04-28 23:50:33,393 DEBUG org.springframework.core.log.LogFormatUtils [http-nio-8081-exec-1] GET "/swagger-ui/index.html", parameters={}
2022-04-28 23:50:33,445 DEBUG org.springframework.web.servlet.handler.AbstractHandlerMapping [http-nio-8081-exec-1] Mapped to ResourceHttpRequestHandler [classpath [META-INF/resources/webjars/]]
2022-04-28 23:50:33,485 DEBUG org.springframework.web.servlet.FrameworkServlet [http-nio-8081-exec-1] Completed 200 OK
2022-04-28 23:50:33,542 DEBUG org.springframework.core.log.LogFormatUtils [http-nio-8081-exec-2] GET "/swagger-ui/swagger-ui.css", parameters={}
2022-04-28 23:50:33,544 DEBUG org.springframework.web.servlet.handler.AbstractHandlerMapping [http-nio-8081-exec-2] Mapped to ResourceHttpRequestHandler [classpath [META-INF/resources/webjars/]]
2022-04-28 23:50:33,565 DEBUG org.springframework.core.log.LogFormatUtils [http-nio-8081-exec-3] GET "/swagger-ui/swagger-ui-bundle.js", parameters={}
2022-04-28 23:50:33,567 DEBUG org.springframework.web.servlet.handler.AbstractHandlerMapping [http-nio-8081-exec-3] Mapped to ResourceHttpRequestHandler [classpath [META-INF/resources/webjars/]]
2022-04-28 23:50:33,568 DEBUG org.springframework.core.log.LogFormatUtils [http-nio-8081-exec-4] GET "/swagger-ui/swagger-ui-standalone-preset.js", parameters={}
2022-04-28 23:50:33,569 DEBUG org.springframework.web.servlet.handler.AbstractHandlerMapping [http-nio-8081-exec-4] Mapped to ResourceHttpRequestHandler [classpath [META-INF/resources/webjars/]]
2022-04-28 23:50:33,597 DEBUG org.springframework.web.servlet.FrameworkServlet [http-nio-8081-exec-2] Completed 200 OK
2022-04-28 23:50:33,621 DEBUG org.springframework.web.servlet.FrameworkServlet [http-nio-8081-exec-4] Completed 200 OK
2022-04-28 23:50:33,691 DEBUG org.springframework.web.servlet.FrameworkServlet [http-nio-8081-exec-3] Completed 200 OK
2022-04-28 23:50:34,036 DEBUG org.springframework.core.log.LogFormatUtils [http-nio-8081-exec-5] GET "/swagger-ui/favicon-32x32.png", parameters={}
2022-04-28 23:50:34,039 DEBUG org.springframework.web.servlet.handler.AbstractHandlerMapping [http-nio-8081-exec-5] Mapped to ResourceHttpRequestHandler [classpath [META-INF/resources/webjars/]]
2022-04-28 23:50:34,044 DEBUG org.springframework.web.servlet.FrameworkServlet [http-nio-8081-exec-5] Completed 200 OK
2022-04-28 23:50:49,117 DEBUG org.springframework.core.log.LogFormatUtils [http-nio-8081-exec-6] GET "/swagger-ui/MATC", parameters={}
2022-04-28 23:50:49,119 DEBUG org.springframework.web.servlet.handler.AbstractHandlerMapping [http-nio-8081-exec-6] Mapped to ResourceHttpRequestHandler [classpath [META-INF/resources/webjars/]]
2022-04-28 23:50:49,123 DEBUG org.springframework.web.servlet.resource.ResourceHttpRequestHandler [http-nio-8081-exec-6] Resource not found
2022-04-28 23:50:49,125 DEBUG org.springframework.web.servlet.FrameworkServlet [http-nio-8081-exec-6] Completed 404 NOT_FOUND
2022-04-28 23:50:49,128 DEBUG org.springframework.core.log.LogFormatUtils [http-nio-8081-exec-6] "ERROR" dispatch for GET "/error", parameters={}
2022-04-28 23:50:49,132 DEBUG org.springframework.web.servlet.handler.AbstractHandlerMapping [http-nio-8081-exec-6] Mapped to org.springframework.boot.autoconfigure.web.servlet.error.BasicErrorController#error(HttpServletRequest)
2022-04-28 23:50:49,180 DEBUG org.springframework.web.servlet.mvc.method.annotation.AbstractMessageConverterMethodProcessor [http-nio-8081-exec-6] Using 'application/json', given [application/json, */*] and supported [application/json, application/*+json, application/json, application/*+json]
2022-04-28 23:50:49,182 DEBUG org.springframework.core.log.LogFormatUtils [http-nio-8081-exec-6] Writing [{timestamp=Thu Apr 28 23:50:49 IST 2022, status=404, error=Not Found, path=/swagger-ui/MATC}]
2022-04-28 23:50:49,246 DEBUG org.springframework.web.servlet.FrameworkServlet [http-nio-8081-exec-6] Exiting from "ERROR" dispatch, status 404
2022-04-28 23:50:57,316 DEBUG org.springframework.core.log.LogFormatUtils [http-nio-8081-exec-7] GET "/MATC", parameters={}
2022-04-28 23:50:57,317 DEBUG org.springframework.web.servlet.handler.AbstractHandlerMapping [http-nio-8081-exec-7] Mapped to org.springdoc.webmvc.api.OpenApiWebMvcResource#openapiJson(HttpServletRequest, String)
2022-04-28 23:50:58,060 INFO org.springdoc.api.AbstractOpenApiResource [http-nio-8081-exec-7] Init duration for springdoc-openapi is: 721 ms
2022-04-28 23:50:58,120 DEBUG org.springframework.web.servlet.mvc.method.annotation.AbstractMessageConverterMethodProcessor [http-nio-8081-exec-7] Using 'application/json', given [application/json, */*] and supported [application/json]
2022-04-28 23:50:58,121 DEBUG org.springframework.core.log.LogFormatUtils [http-nio-8081-exec-7] Writing ["{"openapi":"3.0.1","info":{"title":"MATC Assessments ","description":"ESS system is used for managem (truncated)..."]
2022-04-28 23:50:58,125 DEBUG org.springframework.web.servlet.FrameworkServlet [http-nio-8081-exec-7] Completed 200 OK
2022-04-28 23:50:58,127 INFO io.jaegertracing.internal.reporters.LoggingReporter [http-nio-8081-exec-7] Span reported: 8228afdff737fe2e:8228afdff737fe2e:0:1 - openapiJson
2022-04-28 23:51:14,102 DEBUG org.springframework.core.log.LogFormatUtils [http-nio-8081-exec-9] POST "/api/v1/admin", parameters={}
2022-04-28 23:51:14,103 DEBUG org.springframework.web.servlet.handler.AbstractHandlerMapping [http-nio-8081-exec-9] Mapped to com.matc.MATC.AccessMent.Java.controller.UserController#admin()
2022-04-28 23:51:14,246 DEBUG org.hibernate.engine.jdbc.spi.SqlStatementLogger [http-nio-8081-exec-9] select user0_.user_id as user_id1_3_, user0_.password as password2_3_, user0_.role as role3_3_, user0_.user_name as user_nam4_3_ from user user0_ where user0_.user_name=?
2022-04-28 23:51:14,307 DEBUG org.hibernate.engine.jdbc.spi.SqlStatementLogger [http-nio-8081-exec-9] select next_val as id_val from hibernate_sequence for update
2022-04-28 23:51:14,312 DEBUG org.hibernate.engine.jdbc.spi.SqlStatementLogger [http-nio-8081-exec-9] update hibernate_sequence set next_val= ? where next_val=?
2022-04-28 23:51:14,367 DEBUG org.hibernate.engine.jdbc.spi.SqlStatementLogger [http-nio-8081-exec-9] insert into user (password, role, user_name, user_id) values (?, ?, ?, ?)
2022-04-28 23:51:14,391 DEBUG org.springframework.web.servlet.mvc.method.annotation.AbstractMessageConverterMethodProcessor [http-nio-8081-exec-9] Using 'application/json', given [*/*] and supported [application/json, application/*+json, application/json, application/*+json]
2022-04-28 23:51:14,402 DEBUG org.springframework.core.log.LogFormatUtils [http-nio-8081-exec-9] Writing [User(userId=1, userName=admin, password=admin123, role=ADMIN)]
2022-04-28 23:51:14,408 DEBUG org.springframework.web.servlet.FrameworkServlet [http-nio-8081-exec-9] Completed 201 CREATED
2022-04-28 23:51:14,409 INFO io.jaegertracing.internal.reporters.LoggingReporter [http-nio-8081-exec-9] Span reported: 191ec5d7c9426ee0:191ec5d7c9426ee0:0:1 - admin
2022-04-28 23:54:59,668 DEBUG org.springframework.boot.availability.ApplicationAvailabilityBean [SpringApplicationShutdownHook] Application availability state ReadinessState changed from ACCEPTING_TRAFFIC to REFUSING_TRAFFIC
2022-04-28 23:54:59,668 DEBUG org.springframework.context.support.AbstractApplicationContext [SpringApplicationShutdownHook] Closing org.springframework.boot.web.servlet.context.AnnotationConfigServletWebServerApplicationContext@71e693fa, started on Thu Apr 28 23:49:04 IST 2022
2022-04-28 23:54:59,703 INFO org.springframework.orm.jpa.AbstractEntityManagerFactoryBean [SpringApplicationShutdownHook] Closing JPA EntityManagerFactory for persistence unit 'default'
2022-04-28 23:54:59,706 INFO com.zaxxer.hikari.HikariDataSource [SpringApplicationShutdownHook] HikariPool-1 - Shutdown initiated...
2022-04-28 23:54:59,728 INFO com.zaxxer.hikari.HikariDataSource [SpringApplicationShutdownHook] HikariPool-1 - Shutdown completed.
